<?xml version="1.0" encoding="UTF-8"?>
<testsuite xmlns:xsi="http://www.w3.org/2001/XMLSchema-instance" xsi:noNamespaceSchemaLocation="https://maven.apache.org/surefire/maven-surefire-plugin/xsd/surefire-test-report-3.0.xsd" version="3.0" name="original.ByLengthTest" time="0.016" tests="64" errors="0" skipped="0" failures="0">
  <properties>
    <property name="awt.toolkit" value="sun.awt.X11.XToolkit"/>
    <property name="java.specification.version" value="11"/>
    <property name="sun.cpu.isalist" value=""/>
    <property name="sun.jnu.encoding" value="UTF-8"/>
    <property name="java.class.path" value="/home/qinghua/projects/matg/data/HumanEvalJava/candor_0/target/test-classes:/home/qinghua/projects/matg/data/HumanEvalJava/candor_0/target/classes:/home/qinghua/.m2/repository/org/junit/jupiter/junit-jupiter-engine/5.8.1/junit-jupiter-engine-5.8.1.jar:/home/qinghua/.m2/repository/org/junit/platform/junit-platform-engine/1.8.1/junit-platform-engine-1.8.1.jar:/home/qinghua/.m2/repository/org/opentest4j/opentest4j/1.2.0/opentest4j-1.2.0.jar:/home/qinghua/.m2/repository/org/junit/platform/junit-platform-commons/1.8.1/junit-platform-commons-1.8.1.jar:/home/qinghua/.m2/repository/org/junit/jupiter/junit-jupiter-api/5.8.1/junit-jupiter-api-5.8.1.jar:/home/qinghua/.m2/repository/org/apiguardian/apiguardian-api/1.1.2/apiguardian-api-1.1.2.jar:"/>
    <property name="java.vm.vendor" value="Ubuntu"/>
    <property name="sun.arch.data.model" value="64"/>
    <property name="java.vendor.url" value="https://ubuntu.com/"/>
    <property name="user.timezone" value=""/>
    <property name="java.vm.specification.version" value="11"/>
    <property name="os.name" value="Linux"/>
    <property name="sun.java.launcher" value="SUN_STANDARD"/>
    <property name="user.country" value="US"/>
    <property name="sun.boot.library.path" value="/usr/lib/jvm/java-11-openjdk-amd64/lib"/>
    <property name="sun.java.command" value="/home/qinghua/projects/matg/data/HumanEvalJava/candor_0/target/surefire/surefirebooter-20250528154920979_3.jar /home/qinghua/projects/matg/data/HumanEvalJava/candor_0/target/surefire 2025-05-28T15-49-20_917-jvmRun1 surefire-20250528154920979_1tmp surefire_0-20250528154920979_2tmp"/>
    <property name="jdk.debug" value="release"/>
    <property name="surefire.test.class.path" value="/home/qinghua/projects/matg/data/HumanEvalJava/candor_0/target/test-classes:/home/qinghua/projects/matg/data/HumanEvalJava/candor_0/target/classes:/home/qinghua/.m2/repository/org/junit/jupiter/junit-jupiter-engine/5.8.1/junit-jupiter-engine-5.8.1.jar:/home/qinghua/.m2/repository/org/junit/platform/junit-platform-engine/1.8.1/junit-platform-engine-1.8.1.jar:/home/qinghua/.m2/repository/org/opentest4j/opentest4j/1.2.0/opentest4j-1.2.0.jar:/home/qinghua/.m2/repository/org/junit/platform/junit-platform-commons/1.8.1/junit-platform-commons-1.8.1.jar:/home/qinghua/.m2/repository/org/junit/jupiter/junit-jupiter-api/5.8.1/junit-jupiter-api-5.8.1.jar:/home/qinghua/.m2/repository/org/apiguardian/apiguardian-api/1.1.2/apiguardian-api-1.1.2.jar:"/>
    <property name="sun.cpu.endian" value="little"/>
    <property name="user.home" value="/home/qinghua"/>
    <property name="user.language" value="en"/>
    <property name="java.specification.vendor" value="Oracle Corporation"/>
    <property name="java.version.date" value="2025-01-21"/>
    <property name="java.home" value="/usr/lib/jvm/java-11-openjdk-amd64"/>
    <property name="file.separator" value="/"/>
    <property name="basedir" value="/home/qinghua/projects/matg/data/HumanEvalJava/candor_0"/>
    <property name="java.vm.compressedOopsMode" value="Zero based"/>
    <property name="line.separator" value="&#10;"/>
    <property name="java.specification.name" value="Java Platform API Specification"/>
    <property name="java.vm.specification.vendor" value="Oracle Corporation"/>
    <property name="java.awt.graphicsenv" value="sun.awt.X11GraphicsEnvironment"/>
    <property name="surefire.real.class.path" value="/home/qinghua/projects/matg/data/HumanEvalJava/candor_0/target/surefire/surefirebooter-20250528154920979_3.jar"/>
    <property name="sun.management.compiler" value="HotSpot 64-Bit Tiered Compilers"/>
    <property name="java.runtime.version" value="11.0.26+4-post-Ubuntu-1ubuntu124.04"/>
    <property name="user.name" value="qinghua"/>
    <property name="path.separator" value=":"/>
    <property name="os.version" value="6.11.0-21-generic"/>
    <property name="java.runtime.name" value="OpenJDK Runtime Environment"/>
    <property name="file.encoding" value="UTF-8"/>
    <property name="java.vm.name" value="OpenJDK 64-Bit Server VM"/>
    <property name="localRepository" value="/home/qinghua/.m2/repository"/>
    <property name="java.vendor.url.bug" value="https://bugs.launchpad.net/ubuntu/+source/openjdk-lts"/>
    <property name="java.io.tmpdir" value="/tmp"/>
    <property name="java.version" value="11.0.26"/>
    <property name="user.dir" value="/home/qinghua/projects/matg/data/HumanEvalJava/candor_0"/>
    <property name="os.arch" value="amd64"/>
    <property name="java.vm.specification.name" value="Java Virtual Machine Specification"/>
    <property name="java.awt.printerjob" value="sun.print.PSPrinterJob"/>
    <property name="sun.os.patch.level" value="unknown"/>
    <property name="java.library.path" value="/usr/local/cuda-12.6/lib64::/usr/java/packages/lib:/usr/lib/x86_64-linux-gnu/jni:/lib/x86_64-linux-gnu:/usr/lib/x86_64-linux-gnu:/usr/lib/jni:/lib:/usr/lib"/>
    <property name="java.vm.info" value="mixed mode, sharing"/>
    <property name="java.vendor" value="Ubuntu"/>
    <property name="java.vm.version" value="11.0.26+4-post-Ubuntu-1ubuntu124.04"/>
    <property name="java.specification.maintenance.version" value="3"/>
    <property name="sun.io.unicode.encoding" value="UnicodeLittle"/>
    <property name="java.class.version" value="55.0"/>
  </properties>
  <testcase name="testByLength_EmptyArray_ReturnsEmptyList" classname="original.ByLengthTest" time="0.001"/>
  <testcase name="Empty_array_test" classname="original.ByLengthTest" time="0"/>
  <testcase name="testByLength_NumbersOutsideRange2" classname="original.ByLengthTest" time="0"/>
  <testcase name="testEmptyArray" classname="original.ByLengthTest" time="0"/>
  <testcase name="testByLength_WithEdgeCaseElementArray_ReturnsCorrectOutput" classname="original.ByLengthTest" time="0"/>
  <testcase name="testEdgeCaseMaxValue" classname="original.ByLengthTest" time="0"/>
  <testcase name="testByLength_SingleValidElement" classname="original.ByLengthTest" time="0"/>
  <testcase name="testByLength_with_input_containing_five_and_eight" classname="original.ByLengthTest" time="0"/>
  <testcase name="testByLength_NonIntegerElements_1" classname="original.ByLengthTest" time="0"/>
  <testcase name="testByLength_InvalidElements" classname="original.ByLengthTest" time="0.001"/>
  <testcase name="Multiple_elements_in_range_test_2" classname="original.ByLengthTest" time="0"/>
  <testcase name="testByLength_NullInputList" classname="original.ByLengthTest" time="0"/>
  <testcase name="testByLength_NullInput" classname="original.ByLengthTest" time="0.001"/>
  <testcase name="testByLength_NonIntegerElements" classname="original.ByLengthTest" time="0"/>
  <testcase name="testByLengthWithSingleDigitNumber" classname="original.ByLengthTest" time="0"/>
  <testcase name="testByLength_DuplicateValidElements" classname="original.ByLengthTest" time="0"/>
  <testcase name="TestByLength_MultipleInvalid" classname="original.ByLengthTest" time="0"/>
  <testcase name="testIgnoringOutOfRangeElements" classname="original.ByLengthTest" time="0"/>
  <testcase name="testByLengthWithOutOfRangeNumber" classname="original.ByLengthTest" time="0"/>
  <testcase name="testMultipleElementsInArray1" classname="original.ByLengthTest" time="0"/>
  <testcase name="testMultipleElementArray" classname="original.ByLengthTest" time="0"/>
  <testcase name="testByLength_AllInputsOutsideValidRange1" classname="original.ByLengthTest" time="0.001"/>
  <testcase name="testByLengthWithEmptyList" classname="original.ByLengthTest" time="0"/>
  <testcase name="testByLength_WithEmptyArray_ReturnsEmptyArray" classname="original.ByLengthTest" time="0"/>
  <testcase name="testByLength_InvalidIntegerValues_Fixed" classname="original.ByLengthTest" time="0"/>
  <testcase name="testByLength_NonIntegerElements_Fixed" classname="original.ByLengthTest" time="0"/>
  <testcase name="testByLength_with_input_containing_seven" classname="original.ByLengthTest" time="0"/>
  <testcase name="Elements_out_of_range_test" classname="original.ByLengthTest" time="0.001"/>
  <testcase name="testEmptyArray2" classname="original.ByLengthTest" time="0"/>
  <testcase name="testIgnoreNonIntegerValues" classname="original.ByLengthTest" time="0"/>
  <testcase name="testByLength_WithOutOfRangeElementArray_ReturnsEmptyArray" classname="original.ByLengthTest" time="0"/>
  <testcase name="testByLengthWithMultipleDigitNumbers" classname="original.ByLengthTest" time="0.001"/>
  <testcase name="testByLength_OutsideRange" classname="original.ByLengthTest" time="0"/>
  <testcase name="testByLength_SingleElementArray" classname="original.ByLengthTest" time="0"/>
  <testcase name="testMultipleElementsArray" classname="original.ByLengthTest" time="0"/>
  <testcase name="testByLength_NumbersOutsideRange" classname="original.ByLengthTest" time="0"/>
  <testcase name="testEdgeCaseInvalidInput" classname="original.ByLengthTest" time="0"/>
  <testcase name="testByLength_MixOfValidAndInvalidElements2" classname="original.ByLengthTest" time="0"/>
  <testcase name="Single_element_test" classname="original.ByLengthTest" time="0"/>
  <testcase name="testByLength_AllInputsOutsideValidRange" classname="original.ByLengthTest" time="0"/>
  <testcase name="TestByLength_HappyPath_SortedReversedArray_2" classname="original.ByLengthTest" time="0"/>
  <testcase name="testByLength_with_input_containing_six" classname="original.ByLengthTest" time="0"/>
  <testcase name="TestByLength_MultipleDigits_1" classname="original.ByLengthTest" time="0"/>
  <testcase name="testEdgeCaseTen" classname="original.ByLengthTest" time="0"/>
  <testcase name="testIgnoringNonIntegerElements" classname="original.ByLengthTest" time="0"/>
  <testcase name="testEdgeCaseMinValue" classname="original.ByLengthTest" time="0"/>
  <testcase name="testSingleElementArrayWithinRange" classname="original.ByLengthTest" time="0.001"/>
  <testcase name="testByLength_SingleElementArray_Fixed" classname="original.ByLengthTest" time="0.001"/>
  <testcase name="testIgnoringDuplicateElements" classname="original.ByLengthTest" time="0"/>
  <testcase name="testEdgeCaseZero" classname="original.ByLengthTest" time="0"/>
  <testcase name="testByLength_EmptyArray" classname="original.ByLengthTest" time="0"/>
  <testcase name="testSingleElementArray" classname="original.ByLengthTest" time="0"/>
  <testcase name="testSingleElementArrayUniqueId" classname="original.ByLengthTest" time="0"/>
  <testcase name="TestByLength_SingleElementArray_1" classname="original.ByLengthTest" time="0"/>
  <testcase name="testByLength_WithNonIntegerElementArray_ReturnsCorrectOutput" classname="original.ByLengthTest" time="0"/>
  <testcase name="testNothing" classname="original.ByLengthTest" time="0"/>
  <testcase name="testByLength_EmptyArray_Fixed" classname="original.ByLengthTest" time="0"/>
  <testcase name="testByLength_SortAndReverseWithDuplicateInputs" classname="original.ByLengthTest" time="0"/>
  <testcase name="testByLength_NonIntegerElements_Fixed_1" classname="original.ByLengthTest" time="0"/>
  <testcase name="testByLength_OutOfRangeElements" classname="original.ByLengthTest" time="0"/>
  <testcase name="testByLength_WithSingleElementArray_ReturnsCorrectOutput" classname="original.ByLengthTest" time="0"/>
  <testcase name="TestByLength_NoValidDigits" classname="original.ByLengthTest" time="0"/>
  <testcase name="testByLength_WithDuplicateElementArray_ReturnsCorrectOutput" classname="original.ByLengthTest" time="0"/>
  <testcase name="testByLength_MultipleElementsArray" classname="original.ByLengthTest" time="0"/>
</testsuite>