<?xml version="1.0" encoding="UTF-8"?>
<testsuite xmlns:xsi="http://www.w3.org/2001/XMLSchema-instance" xsi:noNamespaceSchemaLocation="https://maven.apache.org/surefire/maven-surefire-plugin/xsd/surefire-test-report-3.0.xsd" version="3.0" name="original.ByLengthTest" time="0.016" tests="71" errors="0" skipped="0" failures="0">
  <properties>
    <property name="awt.toolkit" value="sun.awt.X11.XToolkit"/>
    <property name="java.specification.version" value="11"/>
    <property name="sun.cpu.isalist" value=""/>
    <property name="sun.jnu.encoding" value="UTF-8"/>
    <property name="java.class.path" value="/home/qinghua/projects/matg/data/HumanEvalJava/matg/target/test-classes:/home/qinghua/projects/matg/data/HumanEvalJava/matg/target/classes:/home/qinghua/.m2/repository/org/junit/jupiter/junit-jupiter-engine/5.8.1/junit-jupiter-engine-5.8.1.jar:/home/qinghua/.m2/repository/org/junit/platform/junit-platform-engine/1.8.1/junit-platform-engine-1.8.1.jar:/home/qinghua/.m2/repository/org/opentest4j/opentest4j/1.2.0/opentest4j-1.2.0.jar:/home/qinghua/.m2/repository/org/junit/platform/junit-platform-commons/1.8.1/junit-platform-commons-1.8.1.jar:/home/qinghua/.m2/repository/org/junit/jupiter/junit-jupiter-api/5.8.1/junit-jupiter-api-5.8.1.jar:/home/qinghua/.m2/repository/org/apiguardian/apiguardian-api/1.1.2/apiguardian-api-1.1.2.jar:/home/qinghua/.m2/repository/org/pitest/pitest-junit5-plugin/1.2.1/pitest-junit5-plugin-1.2.1.jar:/home/qinghua/.m2/repository/org/junit/platform/junit-platform-launcher/1.9.2/junit-platform-launcher-1.9.2.jar:"/>
    <property name="java.vm.vendor" value="Ubuntu"/>
    <property name="sun.arch.data.model" value="64"/>
    <property name="java.vendor.url" value="https://ubuntu.com/"/>
    <property name="user.timezone" value=""/>
    <property name="java.vm.specification.version" value="11"/>
    <property name="os.name" value="Linux"/>
    <property name="sun.java.launcher" value="SUN_STANDARD"/>
    <property name="user.country" value="US"/>
    <property name="sun.boot.library.path" value="/usr/lib/jvm/java-11-openjdk-amd64/lib"/>
    <property name="sun.java.command" value="/home/qinghua/projects/matg/data/HumanEvalJava/matg/target/surefire/surefirebooter-20250514150047615_3.jar /home/qinghua/projects/matg/data/HumanEvalJava/matg/target/surefire 2025-05-14T15-00-47_555-jvmRun1 surefire-20250514150047615_1tmp surefire_0-20250514150047615_2tmp"/>
    <property name="jdk.debug" value="release"/>
    <property name="surefire.test.class.path" value="/home/qinghua/projects/matg/data/HumanEvalJava/matg/target/test-classes:/home/qinghua/projects/matg/data/HumanEvalJava/matg/target/classes:/home/qinghua/.m2/repository/org/junit/jupiter/junit-jupiter-engine/5.8.1/junit-jupiter-engine-5.8.1.jar:/home/qinghua/.m2/repository/org/junit/platform/junit-platform-engine/1.8.1/junit-platform-engine-1.8.1.jar:/home/qinghua/.m2/repository/org/opentest4j/opentest4j/1.2.0/opentest4j-1.2.0.jar:/home/qinghua/.m2/repository/org/junit/platform/junit-platform-commons/1.8.1/junit-platform-commons-1.8.1.jar:/home/qinghua/.m2/repository/org/junit/jupiter/junit-jupiter-api/5.8.1/junit-jupiter-api-5.8.1.jar:/home/qinghua/.m2/repository/org/apiguardian/apiguardian-api/1.1.2/apiguardian-api-1.1.2.jar:/home/qinghua/.m2/repository/org/pitest/pitest-junit5-plugin/1.2.1/pitest-junit5-plugin-1.2.1.jar:/home/qinghua/.m2/repository/org/junit/platform/junit-platform-launcher/1.9.2/junit-platform-launcher-1.9.2.jar:"/>
    <property name="sun.cpu.endian" value="little"/>
    <property name="user.home" value="/home/qinghua"/>
    <property name="user.language" value="en"/>
    <property name="java.specification.vendor" value="Oracle Corporation"/>
    <property name="java.version.date" value="2025-01-21"/>
    <property name="java.home" value="/usr/lib/jvm/java-11-openjdk-amd64"/>
    <property name="file.separator" value="/"/>
    <property name="basedir" value="/home/qinghua/projects/matg/data/HumanEvalJava/matg"/>
    <property name="java.vm.compressedOopsMode" value="Zero based"/>
    <property name="line.separator" value="&#10;"/>
    <property name="java.specification.name" value="Java Platform API Specification"/>
    <property name="java.vm.specification.vendor" value="Oracle Corporation"/>
    <property name="java.awt.graphicsenv" value="sun.awt.X11GraphicsEnvironment"/>
    <property name="surefire.real.class.path" value="/home/qinghua/projects/matg/data/HumanEvalJava/matg/target/surefire/surefirebooter-20250514150047615_3.jar"/>
    <property name="sun.management.compiler" value="HotSpot 64-Bit Tiered Compilers"/>
    <property name="java.runtime.version" value="11.0.26+4-post-Ubuntu-1ubuntu124.04"/>
    <property name="user.name" value="qinghua"/>
    <property name="path.separator" value=":"/>
    <property name="os.version" value="6.11.0-21-generic"/>
    <property name="java.runtime.name" value="OpenJDK Runtime Environment"/>
    <property name="file.encoding" value="UTF-8"/>
    <property name="java.vm.name" value="OpenJDK 64-Bit Server VM"/>
    <property name="localRepository" value="/home/qinghua/.m2/repository"/>
    <property name="java.vendor.url.bug" value="https://bugs.launchpad.net/ubuntu/+source/openjdk-lts"/>
    <property name="java.io.tmpdir" value="/tmp"/>
    <property name="java.version" value="11.0.26"/>
    <property name="user.dir" value="/home/qinghua/projects/matg/data/HumanEvalJava/matg"/>
    <property name="os.arch" value="amd64"/>
    <property name="java.vm.specification.name" value="Java Virtual Machine Specification"/>
    <property name="java.awt.printerjob" value="sun.print.PSPrinterJob"/>
    <property name="sun.os.patch.level" value="unknown"/>
    <property name="java.library.path" value="/usr/local/cuda-12.6/lib64::/usr/java/packages/lib:/usr/lib/x86_64-linux-gnu/jni:/lib/x86_64-linux-gnu:/usr/lib/x86_64-linux-gnu:/usr/lib/jni:/lib:/usr/lib"/>
    <property name="java.vm.info" value="mixed mode, sharing"/>
    <property name="java.vendor" value="Ubuntu"/>
    <property name="java.vm.version" value="11.0.26+4-post-Ubuntu-1ubuntu124.04"/>
    <property name="java.specification.maintenance.version" value="3"/>
    <property name="sun.io.unicode.encoding" value="UnicodeLittle"/>
    <property name="java.class.version" value="55.0"/>
  </properties>
  <testcase name="testByLength_IgnoreOutOfRangeValues" classname="original.ByLengthTest" time="0.001"/>
  <testcase name="testNothing1" classname="original.ByLengthTest" time="0"/>
  <testcase name="testByLengthWithNegativeNumbers" classname="original.ByLengthTest" time="0"/>
  <testcase name="testEmptyArray" classname="original.ByLengthTest" time="0"/>
  <testcase name="testEmptyInput" classname="original.ByLengthTest" time="0"/>
  <testcase name="testInvalidInputType12Fixed" classname="original.ByLengthTest" time="0"/>
  <testcase name="testIgnoreOutOfRangeElements3" classname="original.ByLengthTest" time="0.001"/>
  <testcase name="testByLengthEmptyArray" classname="original.ByLengthTest" time="0"/>
  <testcase name="testEdgeCaseMaxValue" classname="original.ByLengthTest" time="0"/>
  <testcase name="testByLengthWithNoMatchingNumbers" classname="original.ByLengthTest" time="0"/>
  <testcase name="testArrayWithNonIntegerValues" classname="original.ByLengthTest" time="0"/>
  <testcase name="testArrayWithEdgeCases" classname="original.ByLengthTest" time="0"/>
  <testcase name="testByLength_InvalidElement_EdgeCase" classname="original.ByLengthTest" time="0"/>
  <testcase name="testByLengthWithEmptyInput" classname="original.ByLengthTest" time="0"/>
  <testcase name="testNonIntegerInput" classname="original.ByLengthTest" time="0"/>
  <testcase name="testEdgeCaseSingleElementOutOfRange" classname="original.ByLengthTest" time="0.001"/>
  <testcase name="testEdgeCaseMinValue1" classname="original.ByLengthTest" time="0"/>
  <testcase name="testNullInputException" classname="original.ByLengthTest" time="0"/>
  <testcase name="testEmptyList" classname="original.ByLengthTest" time="0"/>
  <testcase name="testSingleElementArray_New" classname="original.ByLengthTest" time="0"/>
  <testcase name="testNoExceptionWithInvalidInputType11" classname="original.ByLengthTest" time="0"/>
  <testcase name="testMultipleElementArray" classname="original.ByLengthTest" time="0"/>
  <testcase name="ByLength_NullInput_ThrowsNullPointerException" classname="original.ByLengthTest" time="0"/>
  <testcase name="testByLength_MultipleElements_HappyPath" classname="original.ByLengthTest" time="0"/>
  <testcase name="testArrayWithDuplicateElements" classname="original.ByLengthTest" time="0"/>
  <testcase name="testByLength_NonIntegerValues" classname="original.ByLengthTest" time="0"/>
  <testcase name="testIgnoreNonIntegerInputs" classname="original.ByLengthTest" time="0"/>
  <testcase name="testEdgeCaseArray1" classname="original.ByLengthTest" time="0"/>
  <testcase name="testEmptyArrayFixed" classname="original.ByLengthTest" time="0.001"/>
  <testcase name="testArrayWithEdgeCaseElementsCorrected" classname="original.ByLengthTest" time="0.001"/>
  <testcase name="testByLengthWithValidInput" classname="original.ByLengthTest" time="0"/>
  <testcase name="testEmptyArrayAlternative" classname="original.ByLengthTest" time="0"/>
  <testcase name="testArrayWithInvalidElementsFixed" classname="original.ByLengthTest" time="0"/>
  <testcase name="ByLength_MultipleElementsArray_ReturnsMultipleElementArray" classname="original.ByLengthTest" time="0"/>
  <testcase name="testByLength_SingleElementArray" classname="original.ByLengthTest" time="0.001"/>
  <testcase name="testEmptyListAlternative" classname="original.ByLengthTest" time="0"/>
  <testcase name="testMultipleElementsArray" classname="original.ByLengthTest" time="0"/>
  <testcase name="testMultipleElementsInput" classname="original.ByLengthTest" time="0"/>
  <testcase name="byLength_test_1" classname="original.ByLengthTest" time="0"/>
  <testcase name="testByLength_SingleElement" classname="original.ByLengthTest" time="0"/>
  <testcase name="testByLength_OutOfRangeValues" classname="original.ByLengthTest" time="0.001"/>
  <testcase name="testDuplicateValues" classname="original.ByLengthTest" time="0"/>
  <testcase name="testByLength_EmptyList_Negative" classname="original.ByLengthTest" time="0"/>
  <testcase name="testByLength_DuplicateValues" classname="original.ByLengthTest" time="0"/>
  <testcase name="testEdgeCaseMinValue" classname="original.ByLengthTest" time="0"/>
  <testcase name="testByLength_EmptyArray_1" classname="original.ByLengthTest" time="0"/>
  <testcase name="testMultipleElementsArrayCorrected" classname="original.ByLengthTest" time="0"/>
  <testcase name="ByLength_SingleElementArray_ReturnsSingleElementArray" classname="original.ByLengthTest" time="0"/>
  <testcase name="testByLength_SortAndReverseArray_ExpectedResult" classname="original.ByLengthTest" time="0"/>
  <testcase name="testSingleElementArrayUnique" classname="original.ByLengthTest" time="0"/>
  <testcase name="testByLength_OneElement_EdgeCase" classname="original.ByLengthTest" time="0"/>
  <testcase name="testByLengthWithEdgeCases" classname="original.ByLengthTest" time="0"/>
  <testcase name="testDuplicateValues1" classname="original.ByLengthTest" time="0"/>
  <testcase name="testArrayWithDuplicateValues" classname="original.ByLengthTest" time="0.001"/>
  <testcase name="testByLength_IgnoreNonIntegerValues" classname="original.ByLengthTest" time="0"/>
  <testcase name="testArrayWithNonIntegerAndNegativeValues" classname="original.ByLengthTest" time="0"/>
  <testcase name="testByLengthWithLargeNumbers" classname="original.ByLengthTest" time="0"/>
  <testcase name="testByLength_EmptyArray" classname="original.ByLengthTest" time="0"/>
  <testcase name="testByLength_MultipleElements" classname="original.ByLengthTest" time="0"/>
  <testcase name="testSingleElementArray" classname="original.ByLengthTest" time="0"/>
  <testcase name="ByLength_ArrayWithElementsOutsideRange_IgnoresElementsOutsideRange" classname="original.ByLengthTest" time="0"/>
  <testcase name="testMultipleElementsArrayCorrected_2" classname="original.ByLengthTest" time="0"/>
  <testcase name="testMultipleElementsArray_3" classname="original.ByLengthTest" time="0"/>
  <testcase name="testEmptyListCorrected" classname="original.ByLengthTest" time="0"/>
  <testcase name="testNullInput" classname="original.ByLengthTest" time="0"/>
  <testcase name="ByLength_EmptyArray_ReturnsEmptyArray" classname="original.ByLengthTest" time="0"/>
  <testcase name="testNothing" classname="original.ByLengthTest" time="0"/>
  <testcase name="testArrayWithNegativeNumber" classname="original.ByLengthTest" time="0"/>
  <testcase name="testByLength_DuplicateElements_SpecificFunctionality" classname="original.ByLengthTest" time="0"/>
  <testcase name="testEdgeCaseArray" classname="original.ByLengthTest" time="0"/>
  <testcase name="testByLength_MultipleElementsArray" classname="original.ByLengthTest" time="0"/>
</testsuite>