<?xml version="1.0" encoding="UTF-8"?>
<testsuite xmlns:xsi="http://www.w3.org/2001/XMLSchema-instance" xsi:noNamespaceSchemaLocation="https://maven.apache.org/surefire/maven-surefire-plugin/xsd/surefire-test-report-3.0.xsd" version="3.0" name="oracle1.PrimeFibTest" time="6.608" tests="55" errors="0" skipped="0" failures="0">
  <properties>
    <property name="awt.toolkit" value="sun.awt.X11.XToolkit"/>
    <property name="java.specification.version" value="11"/>
    <property name="sun.cpu.isalist" value=""/>
    <property name="sun.jnu.encoding" value="UTF-8"/>
    <property name="java.class.path" value="/home/qinghua/projects/matg/data/HumanEvalJava/matg/target/test-classes:/home/qinghua/projects/matg/data/HumanEvalJava/matg/target/classes:/home/qinghua/.m2/repository/org/junit/jupiter/junit-jupiter-engine/5.8.1/junit-jupiter-engine-5.8.1.jar:/home/qinghua/.m2/repository/org/junit/platform/junit-platform-engine/1.8.1/junit-platform-engine-1.8.1.jar:/home/qinghua/.m2/repository/org/opentest4j/opentest4j/1.2.0/opentest4j-1.2.0.jar:/home/qinghua/.m2/repository/org/junit/platform/junit-platform-commons/1.8.1/junit-platform-commons-1.8.1.jar:/home/qinghua/.m2/repository/org/junit/jupiter/junit-jupiter-api/5.8.1/junit-jupiter-api-5.8.1.jar:/home/qinghua/.m2/repository/org/apiguardian/apiguardian-api/1.1.2/apiguardian-api-1.1.2.jar:"/>
    <property name="java.vm.vendor" value="Ubuntu"/>
    <property name="sun.arch.data.model" value="64"/>
    <property name="java.vendor.url" value="https://ubuntu.com/"/>
    <property name="user.timezone" value=""/>
    <property name="java.vm.specification.version" value="11"/>
    <property name="os.name" value="Linux"/>
    <property name="sun.java.launcher" value="SUN_STANDARD"/>
    <property name="user.country" value="US"/>
    <property name="sun.boot.library.path" value="/usr/lib/jvm/java-11-openjdk-amd64/lib"/>
    <property name="sun.java.command" value="/home/qinghua/projects/matg/data/HumanEvalJava/matg/target/surefire/surefirebooter-20250523150622825_3.jar /home/qinghua/projects/matg/data/HumanEvalJava/matg/target/surefire 2025-05-23T15-06-22_774-jvmRun1 surefire-20250523150622825_1tmp surefire_0-20250523150622825_2tmp"/>
    <property name="jdk.debug" value="release"/>
    <property name="test" value="oracle1.*Test"/>
    <property name="surefire.test.class.path" value="/home/qinghua/projects/matg/data/HumanEvalJava/matg/target/test-classes:/home/qinghua/projects/matg/data/HumanEvalJava/matg/target/classes:/home/qinghua/.m2/repository/org/junit/jupiter/junit-jupiter-engine/5.8.1/junit-jupiter-engine-5.8.1.jar:/home/qinghua/.m2/repository/org/junit/platform/junit-platform-engine/1.8.1/junit-platform-engine-1.8.1.jar:/home/qinghua/.m2/repository/org/opentest4j/opentest4j/1.2.0/opentest4j-1.2.0.jar:/home/qinghua/.m2/repository/org/junit/platform/junit-platform-commons/1.8.1/junit-platform-commons-1.8.1.jar:/home/qinghua/.m2/repository/org/junit/jupiter/junit-jupiter-api/5.8.1/junit-jupiter-api-5.8.1.jar:/home/qinghua/.m2/repository/org/apiguardian/apiguardian-api/1.1.2/apiguardian-api-1.1.2.jar:"/>
    <property name="sun.cpu.endian" value="little"/>
    <property name="user.home" value="/home/qinghua"/>
    <property name="user.language" value="en"/>
    <property name="java.specification.vendor" value="Oracle Corporation"/>
    <property name="java.version.date" value="2025-01-21"/>
    <property name="java.home" value="/usr/lib/jvm/java-11-openjdk-amd64"/>
    <property name="file.separator" value="/"/>
    <property name="basedir" value="/home/qinghua/projects/matg/data/HumanEvalJava/matg"/>
    <property name="java.vm.compressedOopsMode" value="Zero based"/>
    <property name="line.separator" value="&#10;"/>
    <property name="java.specification.name" value="Java Platform API Specification"/>
    <property name="java.vm.specification.vendor" value="Oracle Corporation"/>
    <property name="java.awt.graphicsenv" value="sun.awt.X11GraphicsEnvironment"/>
    <property name="surefire.real.class.path" value="/home/qinghua/projects/matg/data/HumanEvalJava/matg/target/surefire/surefirebooter-20250523150622825_3.jar"/>
    <property name="sun.management.compiler" value="HotSpot 64-Bit Tiered Compilers"/>
    <property name="java.runtime.version" value="11.0.26+4-post-Ubuntu-1ubuntu124.04"/>
    <property name="user.name" value="qinghua"/>
    <property name="path.separator" value=":"/>
    <property name="os.version" value="6.11.0-21-generic"/>
    <property name="java.runtime.name" value="OpenJDK Runtime Environment"/>
    <property name="file.encoding" value="UTF-8"/>
    <property name="java.vm.name" value="OpenJDK 64-Bit Server VM"/>
    <property name="localRepository" value="/home/qinghua/.m2/repository"/>
    <property name="java.vendor.url.bug" value="https://bugs.launchpad.net/ubuntu/+source/openjdk-lts"/>
    <property name="java.io.tmpdir" value="/tmp"/>
    <property name="java.version" value="11.0.26"/>
    <property name="user.dir" value="/home/qinghua/projects/matg/data/HumanEvalJava/matg"/>
    <property name="os.arch" value="amd64"/>
    <property name="java.vm.specification.name" value="Java Virtual Machine Specification"/>
    <property name="java.awt.printerjob" value="sun.print.PSPrinterJob"/>
    <property name="sun.os.patch.level" value="unknown"/>
    <property name="java.library.path" value="/usr/local/cuda-12.6/lib64::/usr/java/packages/lib:/usr/lib/x86_64-linux-gnu/jni:/lib/x86_64-linux-gnu:/usr/lib/x86_64-linux-gnu:/usr/lib/jni:/lib:/usr/lib"/>
    <property name="java.vm.info" value="mixed mode, sharing"/>
    <property name="java.vendor" value="Ubuntu"/>
    <property name="java.vm.version" value="11.0.26+4-post-Ubuntu-1ubuntu124.04"/>
    <property name="java.specification.maintenance.version" value="3"/>
    <property name="sun.io.unicode.encoding" value="UnicodeLittle"/>
    <property name="java.class.version" value="55.0"/>
  </properties>
  <testcase name="testPrimeFib_with_1" classname="oracle1.PrimeFibTest" time="0"/>
  <testcase name="testPrimeFib_1" classname="oracle1.PrimeFibTest" time="0"/>
  <testcase name="testPrimeFib_CorrectNthPrimeFibonacciNumber" classname="oracle1.PrimeFibTest" time="0"/>
  <testcase name="testPrimeFib_with_n_equals_1" classname="oracle1.PrimeFibTest" time="0"/>
  <testcase name="PrimeFib_HappyPath_1" classname="oracle1.PrimeFibTest" time="0.001"/>
  <testcase name="PrimeFib_HappyPath_2" classname="oracle1.PrimeFibTest" time="0"/>
  <testcase name="PrimeFib_HappyPath_5" classname="oracle1.PrimeFibTest" time="0"/>
  <testcase name="test_isPrime_edge_11" classname="oracle1.PrimeFibTest" time="0"/>
  <testcase name="testIsPrimeFunctionWithPrimeNumber231" classname="oracle1.PrimeFibTest" time="0"/>
  <testcase name="testPrimeFib_WithN10_Returns433494437" classname="oracle1.PrimeFibTest" time="0.624"/>
  <testcase name="testPrimeFibLargeInput" classname="oracle1.PrimeFibTest" time="0.608"/>
  <testcase name="testIsPrimeWithCompositeNumber1" classname="oracle1.PrimeFibTest" time="0"/>
  <testcase name="testPrimeFibInitializationUnique" classname="oracle1.PrimeFibTest" time="0"/>
  <testcase name="testPrimeFibWithOne" classname="oracle1.PrimeFibTest" time="0"/>
  <testcase name="testPrimeFibInitialization" classname="oracle1.PrimeFibTest" time="0"/>
  <testcase name="testPrimeFibWithNEquals10" classname="oracle1.PrimeFibTest" time="0.605"/>
  <testcase name="testPrimeFibWithLargeInput2" classname="oracle1.PrimeFibTest" time="0.609"/>
  <testcase name="testPrimeFibWithSmallInput" classname="oracle1.PrimeFibTest" time="0"/>
  <testcase name="testPrimeFibFunctionReturnsCorrectResultForInput1" classname="oracle1.PrimeFibTest" time="0"/>
  <testcase name="testPrimeFib" classname="oracle1.PrimeFibTest" time="0.001"/>
  <testcase name="TestPrimeFib1" classname="oracle1.PrimeFibTest" time="0"/>
  <testcase name="TestPrimeFib2" classname="oracle1.PrimeFibTest" time="0"/>
  <testcase name="TestPrimeFib3" classname="oracle1.PrimeFibTest" time="0"/>
  <testcase name="testIsPrime_with_prime_number_via_wrapper" classname="oracle1.PrimeFibTest" time="0"/>
  <testcase name="primeFibTest_1" classname="oracle1.PrimeFibTest" time="0"/>
  <testcase name="testPrimeFibHappyPath" classname="oracle1.PrimeFibTest" time="0"/>
  <testcase name="TestPrimeFibLargeN" classname="oracle1.PrimeFibTest" time="0.616"/>
  <testcase name="testPrimeFibFunctionWithN10" classname="oracle1.PrimeFibTest" time="0.591"/>
  <testcase name="testPrimeFib_with_n_equals_10" classname="oracle1.PrimeFibTest" time="0.593"/>
  <testcase name="testIsPrimeFalseViaReflection" classname="oracle1.PrimeFibTest" time="0"/>
  <testcase name="testPrimeFibWithLargeInput" classname="oracle1.PrimeFibTest" time="0.592"/>
  <testcase name="testPrimeFibMethodWithValidInput" classname="oracle1.PrimeFibTest" time="0.002"/>
  <testcase name="testPrimeFibHappyPath1" classname="oracle1.PrimeFibTest" time="0"/>
  <testcase name="testIsPrimeFunctionWithEdgeCase1" classname="oracle1.PrimeFibTest" time="0"/>
  <testcase name="testPrimeFib_WithN1_Returns2" classname="oracle1.PrimeFibTest" time="0.001"/>
  <testcase name="testIsPrimePositiveInput" classname="oracle1.PrimeFibTest" time="0"/>
  <testcase name="PrimeFib_HappyPath_10" classname="oracle1.PrimeFibTest" time="0.589"/>
  <testcase name="testPrimeFibFunctionWithN1" classname="oracle1.PrimeFibTest" time="0"/>
  <testcase name="test_primeFib_edge_1" classname="oracle1.PrimeFibTest" time="0"/>
  <testcase name="testPrimeFibInitialization1" classname="oracle1.PrimeFibTest" time="0"/>
  <testcase name="testPrimeFibInitialization2" classname="oracle1.PrimeFibTest" time="0"/>
  <testcase name="testPrimeFibInitialization3" classname="oracle1.PrimeFibTest" time="0.001"/>
  <testcase name="testPrimeFibWithNEquals1" classname="oracle1.PrimeFibTest" time="0"/>
  <testcase name="testPrimeFibPositiveInput" classname="oracle1.PrimeFibTest" time="0"/>
  <testcase name="testNothing" classname="oracle1.PrimeFibTest" time="0"/>
  <testcase name="test_primeFib_small_input" classname="oracle1.PrimeFibTest" time="0"/>
  <testcase name="test_primeFib_1" classname="oracle1.PrimeFibTest" time="0"/>
  <testcase name="test_primeFib_2" classname="oracle1.PrimeFibTest" time="0"/>
  <testcase name="test_primeFib_3" classname="oracle1.PrimeFibTest" time="0.586"/>
  <testcase name="testIsPrimeNonPrimeInput" classname="oracle1.PrimeFibTest" time="0"/>
  <testcase name="testPrimeFibLargerInput" classname="oracle1.PrimeFibTest" time="0.586"/>
  <testcase name="test_prime_fib_n_1" classname="oracle1.PrimeFibTest" time="0"/>
  <testcase name="testPrimeFibWithMediumInput" classname="oracle1.PrimeFibTest" time="0"/>
  <testcase name="testIsPrimeEdgeCaseInputCorrected_1" classname="oracle1.PrimeFibTest" time="0"/>
  <testcase name="testIsPrimeFunctionWithNonPrimeNumber24_2" classname="oracle1.PrimeFibTest" time="0"/>
</testsuite>