<?xml version="1.0" encoding="UTF-8"?>
<testsuite xmlns:xsi="http://www.w3.org/2001/XMLSchema-instance" xsi:noNamespaceSchemaLocation="https://maven.apache.org/surefire/maven-surefire-plugin/xsd/surefire-test-report-3.0.xsd" version="3.0" name="original.SumSquares1Test" time="0.007" tests="49" errors="0" skipped="0" failures="0">
  <properties>
    <property name="awt.toolkit" value="sun.awt.X11.XToolkit"/>
    <property name="java.specification.version" value="11"/>
    <property name="sun.cpu.isalist" value=""/>
    <property name="sun.jnu.encoding" value="UTF-8"/>
    <property name="java.class.path" value="/home/qinghua/projects/matg/data/HumanEvalJava/matg/target/test-classes:/home/qinghua/projects/matg/data/HumanEvalJava/matg/target/classes:/home/qinghua/.m2/repository/org/junit/jupiter/junit-jupiter-engine/5.8.1/junit-jupiter-engine-5.8.1.jar:/home/qinghua/.m2/repository/org/junit/platform/junit-platform-engine/1.8.1/junit-platform-engine-1.8.1.jar:/home/qinghua/.m2/repository/org/opentest4j/opentest4j/1.2.0/opentest4j-1.2.0.jar:/home/qinghua/.m2/repository/org/junit/platform/junit-platform-commons/1.8.1/junit-platform-commons-1.8.1.jar:/home/qinghua/.m2/repository/org/junit/jupiter/junit-jupiter-api/5.8.1/junit-jupiter-api-5.8.1.jar:/home/qinghua/.m2/repository/org/apiguardian/apiguardian-api/1.1.2/apiguardian-api-1.1.2.jar:/home/qinghua/.m2/repository/org/pitest/pitest-junit5-plugin/1.2.1/pitest-junit5-plugin-1.2.1.jar:/home/qinghua/.m2/repository/org/junit/platform/junit-platform-launcher/1.9.2/junit-platform-launcher-1.9.2.jar:"/>
    <property name="java.vm.vendor" value="Ubuntu"/>
    <property name="sun.arch.data.model" value="64"/>
    <property name="java.vendor.url" value="https://ubuntu.com/"/>
    <property name="user.timezone" value=""/>
    <property name="java.vm.specification.version" value="11"/>
    <property name="os.name" value="Linux"/>
    <property name="sun.java.launcher" value="SUN_STANDARD"/>
    <property name="user.country" value="US"/>
    <property name="sun.boot.library.path" value="/usr/lib/jvm/java-11-openjdk-amd64/lib"/>
    <property name="sun.java.command" value="/home/qinghua/projects/matg/data/HumanEvalJava/matg/target/surefire/surefirebooter-20250514150047615_3.jar /home/qinghua/projects/matg/data/HumanEvalJava/matg/target/surefire 2025-05-14T15-00-47_555-jvmRun1 surefire-20250514150047615_1tmp surefire_0-20250514150047615_2tmp"/>
    <property name="jdk.debug" value="release"/>
    <property name="surefire.test.class.path" value="/home/qinghua/projects/matg/data/HumanEvalJava/matg/target/test-classes:/home/qinghua/projects/matg/data/HumanEvalJava/matg/target/classes:/home/qinghua/.m2/repository/org/junit/jupiter/junit-jupiter-engine/5.8.1/junit-jupiter-engine-5.8.1.jar:/home/qinghua/.m2/repository/org/junit/platform/junit-platform-engine/1.8.1/junit-platform-engine-1.8.1.jar:/home/qinghua/.m2/repository/org/opentest4j/opentest4j/1.2.0/opentest4j-1.2.0.jar:/home/qinghua/.m2/repository/org/junit/platform/junit-platform-commons/1.8.1/junit-platform-commons-1.8.1.jar:/home/qinghua/.m2/repository/org/junit/jupiter/junit-jupiter-api/5.8.1/junit-jupiter-api-5.8.1.jar:/home/qinghua/.m2/repository/org/apiguardian/apiguardian-api/1.1.2/apiguardian-api-1.1.2.jar:/home/qinghua/.m2/repository/org/pitest/pitest-junit5-plugin/1.2.1/pitest-junit5-plugin-1.2.1.jar:/home/qinghua/.m2/repository/org/junit/platform/junit-platform-launcher/1.9.2/junit-platform-launcher-1.9.2.jar:"/>
    <property name="sun.cpu.endian" value="little"/>
    <property name="user.home" value="/home/qinghua"/>
    <property name="user.language" value="en"/>
    <property name="java.specification.vendor" value="Oracle Corporation"/>
    <property name="java.version.date" value="2025-01-21"/>
    <property name="java.home" value="/usr/lib/jvm/java-11-openjdk-amd64"/>
    <property name="file.separator" value="/"/>
    <property name="basedir" value="/home/qinghua/projects/matg/data/HumanEvalJava/matg"/>
    <property name="java.vm.compressedOopsMode" value="Zero based"/>
    <property name="line.separator" value="&#10;"/>
    <property name="java.specification.name" value="Java Platform API Specification"/>
    <property name="java.vm.specification.vendor" value="Oracle Corporation"/>
    <property name="java.awt.graphicsenv" value="sun.awt.X11GraphicsEnvironment"/>
    <property name="surefire.real.class.path" value="/home/qinghua/projects/matg/data/HumanEvalJava/matg/target/surefire/surefirebooter-20250514150047615_3.jar"/>
    <property name="sun.management.compiler" value="HotSpot 64-Bit Tiered Compilers"/>
    <property name="java.runtime.version" value="11.0.26+4-post-Ubuntu-1ubuntu124.04"/>
    <property name="user.name" value="qinghua"/>
    <property name="path.separator" value=":"/>
    <property name="os.version" value="6.11.0-21-generic"/>
    <property name="java.runtime.name" value="OpenJDK Runtime Environment"/>
    <property name="file.encoding" value="UTF-8"/>
    <property name="java.vm.name" value="OpenJDK 64-Bit Server VM"/>
    <property name="localRepository" value="/home/qinghua/.m2/repository"/>
    <property name="java.vendor.url.bug" value="https://bugs.launchpad.net/ubuntu/+source/openjdk-lts"/>
    <property name="java.io.tmpdir" value="/tmp"/>
    <property name="java.version" value="11.0.26"/>
    <property name="user.dir" value="/home/qinghua/projects/matg/data/HumanEvalJava/matg"/>
    <property name="os.arch" value="amd64"/>
    <property name="java.vm.specification.name" value="Java Virtual Machine Specification"/>
    <property name="java.awt.printerjob" value="sun.print.PSPrinterJob"/>
    <property name="sun.os.patch.level" value="unknown"/>
    <property name="java.library.path" value="/usr/local/cuda-12.6/lib64::/usr/java/packages/lib:/usr/lib/x86_64-linux-gnu/jni:/lib/x86_64-linux-gnu:/usr/lib/x86_64-linux-gnu:/usr/lib/jni:/lib:/usr/lib"/>
    <property name="java.vm.info" value="mixed mode, sharing"/>
    <property name="java.vendor" value="Ubuntu"/>
    <property name="java.vm.version" value="11.0.26+4-post-Ubuntu-1ubuntu124.04"/>
    <property name="java.specification.maintenance.version" value="3"/>
    <property name="sun.io.unicode.encoding" value="UnicodeLittle"/>
    <property name="java.class.version" value="55.0"/>
  </properties>
  <testcase name="testSingleElement" classname="original.SumSquares1Test" time="0"/>
  <testcase name="testSumSquares_SingleElementList_Duplicate" classname="original.SumSquares1Test" time="0"/>
  <testcase name="testMultipleElementsListUniqueId1" classname="original.SumSquares1Test" time="0"/>
  <testcase name="testMultipleElementsListUniqueId2" classname="original.SumSquares1Test" time="0"/>
  <testcase name="testSumSquares_NonIntegerElementsList" classname="original.SumSquares1Test" time="0.001"/>
  <testcase name="testSumSquares_NullInputFixed" classname="original.SumSquares1Test" time="0"/>
  <testcase name="testSumSquares_EmptyList" classname="original.SumSquares1Test" time="0"/>
  <testcase name="testSumSquares_SingleElementList" classname="original.SumSquares1Test" time="0"/>
  <testcase name="testSumSquares_NonIntegerInput" classname="original.SumSquares1Test" time="0.001"/>
  <testcase name="testSumSquares_NonIntegerValue" classname="original.SumSquares1Test" time="0"/>
  <testcase name="testNegativeNumbersList3" classname="original.SumSquares1Test" time="0"/>
  <testcase name="testNegativeNumbersListCorrected" classname="original.SumSquares1Test" time="0"/>
  <testcase name="testSumAndCube" classname="original.SumSquares1Test" time="0"/>
  <testcase name="testEmptyListAlternative1" classname="original.SumSquares1Test" time="0"/>
  <testcase name="testSumSquares_MultipleElementsList_Duplicate" classname="original.SumSquares1Test" time="0"/>
  <testcase name="testEmptyListUniqueName" classname="original.SumSquares1Test" time="0"/>
  <testcase name="testSumSquares_MultipleElementsList" classname="original.SumSquares1Test" time="0"/>
  <testcase name="testSumOfSquaresWithEmptyListUnique" classname="original.SumSquares1Test" time="0"/>
  <testcase name="testEmptyList" classname="original.SumSquares1Test" time="0"/>
  <testcase name="testSumSquares_LargeInputList_Fixed" classname="original.SumSquares1Test" time="0.002"/>
  <testcase name="testSumOfSquaresWithPositiveNumbers" classname="original.SumSquares1Test" time="0"/>
  <testcase name="testMultipleElementsListWithIndexMultipleOf3" classname="original.SumSquares1Test" time="0"/>
  <testcase name="test_sumSquares_NullInput" classname="original.SumSquares1Test" time="0"/>
  <testcase name="testSumSquares_SquareAndCubeOperations_Fixed" classname="original.SumSquares1Test" time="0"/>
  <testcase name="testSquareRoots" classname="original.SumSquares1Test" time="0"/>
  <testcase name="testSumSquares_NullInput_2" classname="original.SumSquares1Test" time="0"/>
  <testcase name="testSumSquares_EmptyList_Duplicate" classname="original.SumSquares1Test" time="0.001"/>
  <testcase name="testSumSquares_NullInput_New_1" classname="original.SumSquares1Test" time="0"/>
  <testcase name="testMultipleOf3" classname="original.SumSquares1Test" time="0"/>
  <testcase name="testSumSquares_SingleElementList2" classname="original.SumSquares1Test" time="0"/>
  <testcase name="testSumOfSquaresWithZero" classname="original.SumSquares1Test" time="0"/>
  <testcase name="test_sumSquares_LargeList_VariousIndexes" classname="original.SumSquares1Test" time="0"/>
  <testcase name="testNegativeNumbersListCorrected3" classname="original.SumSquares1Test" time="0"/>
  <testcase name="testSumSquares_EmptyList_New" classname="original.SumSquares1Test" time="0"/>
  <testcase name="testSumSquares_NullList" classname="original.SumSquares1Test" time="0"/>
  <testcase name="SumSquares_SingleElement" classname="original.SumSquares1Test" time="0"/>
  <testcase name="SumSquares_EmptyList" classname="original.SumSquares1Test" time="0"/>
  <testcase name="testMultipleElements" classname="original.SumSquares1Test" time="0"/>
  <testcase name="testSumSquares_ListWithNegativeNumbers_Fixed" classname="original.SumSquares1Test" time="0"/>
  <testcase name="testMultipleElementsListWithNegativeNumbers" classname="original.SumSquares1Test" time="0"/>
  <testcase name="testSumSquares_MultipleOfThreeAndFour_ReturnsCorrectResult" classname="original.SumSquares1Test" time="0"/>
  <testcase name="testSumOfSquaresWithEmptyList" classname="original.SumSquares1Test" time="0"/>
  <testcase name="SumSquares_MultipleOfThree" classname="original.SumSquares1Test" time="0"/>
  <testcase name="testMultipleElementsListWithIndexNotMultipleOf3Or4" classname="original.SumSquares1Test" time="0"/>
  <testcase name="testSumSquares_NullInput" classname="original.SumSquares1Test" time="0"/>
  <testcase name="testSingleElementListUniqueId" classname="original.SumSquares1Test" time="0"/>
  <testcase name="test_sumSquares_EmptyList" classname="original.SumSquares1Test" time="0"/>
  <testcase name="testZeroList" classname="original.SumSquares1Test" time="0"/>
  <testcase name="testNothing" classname="original.SumSquares1Test" time="0"/>
</testsuite>