<?xml version="1.0" encoding="UTF-8"?>
<testsuite xmlns:xsi="http://www.w3.org/2001/XMLSchema-instance" xsi:noNamespaceSchemaLocation="https://maven.apache.org/surefire/maven-surefire-plugin/xsd/surefire-test-report-3.0.xsd" version="3.0" name="oracle1.RightAngleTriangleTest" time="0.004" tests="57" errors="0" skipped="0" failures="0">
  <properties>
    <property name="awt.toolkit" value="sun.awt.X11.XToolkit"/>
    <property name="java.specification.version" value="11"/>
    <property name="sun.cpu.isalist" value=""/>
    <property name="sun.jnu.encoding" value="UTF-8"/>
    <property name="java.class.path" value="/home/qinghua/projects/matg/data/experiments/HumanEvalJava/candor/run_0/fix/target/test-classes:/home/qinghua/projects/matg/data/experiments/HumanEvalJava/candor/run_0/fix/target/classes:/home/qinghua/.m2/repository/org/junit/jupiter/junit-jupiter-engine/5.8.1/junit-jupiter-engine-5.8.1.jar:/home/qinghua/.m2/repository/org/junit/platform/junit-platform-engine/1.8.1/junit-platform-engine-1.8.1.jar:/home/qinghua/.m2/repository/org/opentest4j/opentest4j/1.2.0/opentest4j-1.2.0.jar:/home/qinghua/.m2/repository/org/junit/platform/junit-platform-commons/1.8.1/junit-platform-commons-1.8.1.jar:/home/qinghua/.m2/repository/org/junit/jupiter/junit-jupiter-api/5.8.1/junit-jupiter-api-5.8.1.jar:/home/qinghua/.m2/repository/org/apiguardian/apiguardian-api/1.1.2/apiguardian-api-1.1.2.jar:"/>
    <property name="java.vm.vendor" value="Ubuntu"/>
    <property name="sun.arch.data.model" value="64"/>
    <property name="java.vendor.url" value="https://ubuntu.com/"/>
    <property name="user.timezone" value=""/>
    <property name="java.vm.specification.version" value="11"/>
    <property name="os.name" value="Linux"/>
    <property name="sun.java.launcher" value="SUN_STANDARD"/>
    <property name="user.country" value="US"/>
    <property name="sun.boot.library.path" value="/usr/lib/jvm/java-11-openjdk-amd64/lib"/>
    <property name="sun.java.command" value="/home/qinghua/projects/matg/data/experiments/HumanEvalJava/candor/run_0/fix/target/surefire/surefirebooter-20250529181254062_3.jar /home/qinghua/projects/matg/data/experiments/HumanEvalJava/candor/run_0/fix/target/surefire 2025-05-29T18-12-53_999-jvmRun1 surefire-20250529181254062_1tmp surefire_0-20250529181254062_2tmp"/>
    <property name="jdk.debug" value="release"/>
    <property name="surefire.test.class.path" value="/home/qinghua/projects/matg/data/experiments/HumanEvalJava/candor/run_0/fix/target/test-classes:/home/qinghua/projects/matg/data/experiments/HumanEvalJava/candor/run_0/fix/target/classes:/home/qinghua/.m2/repository/org/junit/jupiter/junit-jupiter-engine/5.8.1/junit-jupiter-engine-5.8.1.jar:/home/qinghua/.m2/repository/org/junit/platform/junit-platform-engine/1.8.1/junit-platform-engine-1.8.1.jar:/home/qinghua/.m2/repository/org/opentest4j/opentest4j/1.2.0/opentest4j-1.2.0.jar:/home/qinghua/.m2/repository/org/junit/platform/junit-platform-commons/1.8.1/junit-platform-commons-1.8.1.jar:/home/qinghua/.m2/repository/org/junit/jupiter/junit-jupiter-api/5.8.1/junit-jupiter-api-5.8.1.jar:/home/qinghua/.m2/repository/org/apiguardian/apiguardian-api/1.1.2/apiguardian-api-1.1.2.jar:"/>
    <property name="sun.cpu.endian" value="little"/>
    <property name="user.home" value="/home/qinghua"/>
    <property name="user.language" value="en"/>
    <property name="java.specification.vendor" value="Oracle Corporation"/>
    <property name="java.version.date" value="2025-01-21"/>
    <property name="java.home" value="/usr/lib/jvm/java-11-openjdk-amd64"/>
    <property name="file.separator" value="/"/>
    <property name="basedir" value="/home/qinghua/projects/matg/data/experiments/HumanEvalJava/candor/run_0/fix"/>
    <property name="java.vm.compressedOopsMode" value="Zero based"/>
    <property name="line.separator" value="&#10;"/>
    <property name="java.specification.name" value="Java Platform API Specification"/>
    <property name="java.vm.specification.vendor" value="Oracle Corporation"/>
    <property name="java.awt.graphicsenv" value="sun.awt.X11GraphicsEnvironment"/>
    <property name="surefire.real.class.path" value="/home/qinghua/projects/matg/data/experiments/HumanEvalJava/candor/run_0/fix/target/surefire/surefirebooter-20250529181254062_3.jar"/>
    <property name="sun.management.compiler" value="HotSpot 64-Bit Tiered Compilers"/>
    <property name="java.runtime.version" value="11.0.26+4-post-Ubuntu-1ubuntu124.04"/>
    <property name="user.name" value="qinghua"/>
    <property name="path.separator" value=":"/>
    <property name="os.version" value="6.11.0-21-generic"/>
    <property name="java.runtime.name" value="OpenJDK Runtime Environment"/>
    <property name="file.encoding" value="UTF-8"/>
    <property name="java.vm.name" value="OpenJDK 64-Bit Server VM"/>
    <property name="localRepository" value="/home/qinghua/.m2/repository"/>
    <property name="java.vendor.url.bug" value="https://bugs.launchpad.net/ubuntu/+source/openjdk-lts"/>
    <property name="java.io.tmpdir" value="/tmp"/>
    <property name="java.version" value="11.0.26"/>
    <property name="user.dir" value="/home/qinghua/projects/matg/data/experiments/HumanEvalJava/candor/run_0/fix"/>
    <property name="os.arch" value="amd64"/>
    <property name="java.vm.specification.name" value="Java Virtual Machine Specification"/>
    <property name="java.awt.printerjob" value="sun.print.PSPrinterJob"/>
    <property name="sun.os.patch.level" value="unknown"/>
    <property name="java.library.path" value="/usr/local/cuda-12.6/lib64::/usr/java/packages/lib:/usr/lib/x86_64-linux-gnu/jni:/lib/x86_64-linux-gnu:/usr/lib/x86_64-linux-gnu:/usr/lib/jni:/lib:/usr/lib"/>
    <property name="java.vm.info" value="mixed mode, sharing"/>
    <property name="java.vendor" value="Ubuntu"/>
    <property name="java.vm.version" value="11.0.26+4-post-Ubuntu-1ubuntu124.04"/>
    <property name="java.specification.maintenance.version" value="3"/>
    <property name="sun.io.unicode.encoding" value="UnicodeLittle"/>
    <property name="java.class.version" value="55.0"/>
  </properties>
  <testcase name="testRightAngleTriangle_LargeNumbers" classname="oracle1.RightAngleTriangleTest" time="0"/>
  <testcase name="testSidesAreEqual" classname="oracle1.RightAngleTriangleTest" time="0.001"/>
  <testcase name="testRightAngleTriangle" classname="oracle1.RightAngleTriangleTest" time="0"/>
  <testcase name="testNotRightAngleTriangleValidInputs" classname="oracle1.RightAngleTriangleTest" time="0"/>
  <testcase name="testRightAngleTriangleNegativeInputs" classname="oracle1.RightAngleTriangleTest" time="0"/>
  <testcase name="RightAngleTriangle_PositiveTest_6_8_10" classname="oracle1.RightAngleTriangleTest" time="0"/>
  <testcase name="RightAngleTriangle_SpecificFunctionalityTest_PythagoreanTriple" classname="oracle1.RightAngleTriangleTest" time="0"/>
  <testcase name="RightAngleTriangle_PositiveTest_SmallNumbers" classname="oracle1.RightAngleTriangleTest" time="0"/>
  <testcase name="RightAngleTriangle_NegativeTest_NotARightAngledTriangle" classname="oracle1.RightAngleTriangleTest" time="0"/>
  <testcase name="RightAngleTriangle_NegativeTest_EqualSides_1" classname="oracle1.RightAngleTriangleTest" time="0"/>
  <testcase name="testRightAngleTriangle_DifferentLengths" classname="oracle1.RightAngleTriangleTest" time="0"/>
  <testcase name="RightAngleTriangle_SadPath" classname="oracle1.RightAngleTriangleTest" time="0"/>
  <testcase name="testScaleneRightTriangle" classname="oracle1.RightAngleTriangleTest" time="0"/>
  <testcase name="testIsoscelesTriangle" classname="oracle1.RightAngleTriangleTest" time="0"/>
  <testcase name="RightAngleTriangle_NegativeTest_1_2_3" classname="oracle1.RightAngleTriangleTest" time="0"/>
  <testcase name="RightAngleTriangle_EdgeCaseEqualSides" classname="oracle1.RightAngleTriangleTest" time="0.001"/>
  <testcase name="testNotARightAngleTriangle" classname="oracle1.RightAngleTriangleTest" time="0"/>
  <testcase name="RightAngleTriangle_NegativeTestZeroInput" classname="oracle1.RightAngleTriangleTest" time="0"/>
  <testcase name="testIsoscelesRightTriangle" classname="oracle1.RightAngleTriangleTest" time="0"/>
  <testcase name="RightAngleTriangle_PositiveTest_3_4_5" classname="oracle1.RightAngleTriangleTest" time="0"/>
  <testcase name="testRightAngleTriangleLargeNumbers" classname="oracle1.RightAngleTriangleTest" time="0"/>
  <testcase name="testEqualSides" classname="oracle1.RightAngleTriangleTest" time="0"/>
  <testcase name="testTwoSidesAreEqual" classname="oracle1.RightAngleTriangleTest" time="0"/>
  <testcase name="RightAngleTriangle_EdgeCaseTest_DuplicateSides" classname="oracle1.RightAngleTriangleTest" time="0"/>
  <testcase name="testEqualSideLengths" classname="oracle1.RightAngleTriangleTest" time="0"/>
  <testcase name="testNotRightAngleTriangleTwoEqualSideLengths" classname="oracle1.RightAngleTriangleTest" time="0"/>
  <testcase name="testRightAngleTriangle_EqualSides_Fixed" classname="oracle1.RightAngleTriangleTest" time="0"/>
  <testcase name="testRightAngleTriangleValidInputs2" classname="oracle1.RightAngleTriangleTest" time="0"/>
  <testcase name="RightAngleTriangle_EdgeCaseLargeNumbers" classname="oracle1.RightAngleTriangleTest" time="0"/>
  <testcase name="testRightAngleTriangle_Positive" classname="oracle1.RightAngleTriangleTest" time="0"/>
  <testcase name="RightAngleTriangle_EdgeCaseTest_SingleSide_0_1_1" classname="oracle1.RightAngleTriangleTest" time="0"/>
  <testcase name="testValidRightAngleTriangle" classname="oracle1.RightAngleTriangleTest" time="0"/>
  <testcase name="testRightAngleTriangle_IsoscelesFixed" classname="oracle1.RightAngleTriangleTest" time="0"/>
  <testcase name="testRightAngleTriangle_Negative" classname="oracle1.RightAngleTriangleTest" time="0"/>
  <testcase name="testTwoSidesEqualThirdSideDifferent" classname="oracle1.RightAngleTriangleTest" time="0"/>
  <testcase name="testRightAngleTriangleEqualSideLengths" classname="oracle1.RightAngleTriangleTest" time="0"/>
  <testcase name="testZeroOrNegativeInput" classname="oracle1.RightAngleTriangleTest" time="0"/>
  <testcase name="testRightAngleTriangleValidInput" classname="oracle1.RightAngleTriangleTest" time="0"/>
  <testcase name="testNegativeInput" classname="oracle1.RightAngleTriangleTest" time="0"/>
  <testcase name="testSideLengthLessThanZero" classname="oracle1.RightAngleTriangleTest" time="0"/>
  <testcase name="testRightAngleTriangle_ValidInputs_1" classname="oracle1.RightAngleTriangleTest" time="0"/>
  <testcase name="testNegativeInputValues2Fixed" classname="oracle1.RightAngleTriangleTest" time="0"/>
  <testcase name="testRightAngleTriangle_EqualSides" classname="oracle1.RightAngleTriangleTest" time="0"/>
  <testcase name="testRightAngleTriangle_AnotherRightAngle" classname="oracle1.RightAngleTriangleTest" time="0"/>
  <testcase name="RightAngleTriangle_EdgeCaseTest_DuplicateSides_2_2_2" classname="oracle1.RightAngleTriangleTest" time="0"/>
  <testcase name="testNothing" classname="oracle1.RightAngleTriangleTest" time="0"/>
  <testcase name="RightAngleTriangle_EdgeCaseTest_ZeroLengthSide" classname="oracle1.RightAngleTriangleTest" time="0"/>
  <testcase name="testNotRightAngleTriangle" classname="oracle1.RightAngleTriangleTest" time="0"/>
  <testcase name="testRightAngleTriangle_3_4_5" classname="oracle1.RightAngleTriangleTest" time="0"/>
  <testcase name="testZeroSideLength" classname="oracle1.RightAngleTriangleTest" time="0"/>
  <testcase name="testEqualSides1" classname="oracle1.RightAngleTriangleTest" time="0"/>
  <testcase name="testRightAngleTriangle_ZeroSideLength" classname="oracle1.RightAngleTriangleTest" time="0"/>
  <testcase name="testRightAngleTriangleWithValidInput" classname="oracle1.RightAngleTriangleTest" time="0"/>
  <testcase name="testInvalidRightAngleTriangle" classname="oracle1.RightAngleTriangleTest" time="0"/>
  <testcase name="RightAngleTriangle_HappyPath" classname="oracle1.RightAngleTriangleTest" time="0"/>
  <testcase name="testRightAngleTriangle_Scalene" classname="oracle1.RightAngleTriangleTest" time="0.001"/>
  <testcase name="testRightAngleTriangleValidInputs" classname="oracle1.RightAngleTriangleTest" time="0"/>
</testsuite>