<?xml version="1.0" encoding="UTF-8"?>
<testsuite xmlns:xsi="http://www.w3.org/2001/XMLSchema-instance" xsi:noNamespaceSchemaLocation="https://maven.apache.org/surefire/maven-surefire-plugin/xsd/surefire-test-report-3.0.xsd" version="3.0" name="original.RightAngleTriangleTest" time="0.006" tests="76" errors="0" skipped="0" failures="0">
  <properties>
    <property name="awt.toolkit" value="sun.awt.X11.XToolkit"/>
    <property name="java.specification.version" value="11"/>
    <property name="sun.cpu.isalist" value=""/>
    <property name="sun.jnu.encoding" value="UTF-8"/>
    <property name="java.class.path" value="/home/qinghua/projects/matg/data/HumanEvalJava/mutants/target/test-classes:/home/qinghua/projects/matg/data/HumanEvalJava/mutants/target/classes:/home/qinghua/.m2/repository/org/junit/jupiter/junit-jupiter-engine/5.8.1/junit-jupiter-engine-5.8.1.jar:/home/qinghua/.m2/repository/org/junit/platform/junit-platform-engine/1.8.1/junit-platform-engine-1.8.1.jar:/home/qinghua/.m2/repository/org/opentest4j/opentest4j/1.2.0/opentest4j-1.2.0.jar:/home/qinghua/.m2/repository/org/junit/platform/junit-platform-commons/1.8.1/junit-platform-commons-1.8.1.jar:/home/qinghua/.m2/repository/org/junit/jupiter/junit-jupiter-api/5.8.1/junit-jupiter-api-5.8.1.jar:/home/qinghua/.m2/repository/org/apiguardian/apiguardian-api/1.1.2/apiguardian-api-1.1.2.jar:"/>
    <property name="java.vm.vendor" value="Ubuntu"/>
    <property name="sun.arch.data.model" value="64"/>
    <property name="java.vendor.url" value="https://ubuntu.com/"/>
    <property name="user.timezone" value=""/>
    <property name="java.vm.specification.version" value="11"/>
    <property name="os.name" value="Linux"/>
    <property name="sun.java.launcher" value="SUN_STANDARD"/>
    <property name="user.country" value="US"/>
    <property name="sun.boot.library.path" value="/usr/lib/jvm/java-11-openjdk-amd64/lib"/>
    <property name="sun.java.command" value="/home/qinghua/projects/matg/data/HumanEvalJava/mutants/target/surefire/surefirebooter-20250528172623223_3.jar /home/qinghua/projects/matg/data/HumanEvalJava/mutants/target/surefire 2025-05-28T17-26-23_165-jvmRun1 surefire-20250528172623223_1tmp surefire_0-20250528172623223_2tmp"/>
    <property name="jdk.debug" value="release"/>
    <property name="surefire.test.class.path" value="/home/qinghua/projects/matg/data/HumanEvalJava/mutants/target/test-classes:/home/qinghua/projects/matg/data/HumanEvalJava/mutants/target/classes:/home/qinghua/.m2/repository/org/junit/jupiter/junit-jupiter-engine/5.8.1/junit-jupiter-engine-5.8.1.jar:/home/qinghua/.m2/repository/org/junit/platform/junit-platform-engine/1.8.1/junit-platform-engine-1.8.1.jar:/home/qinghua/.m2/repository/org/opentest4j/opentest4j/1.2.0/opentest4j-1.2.0.jar:/home/qinghua/.m2/repository/org/junit/platform/junit-platform-commons/1.8.1/junit-platform-commons-1.8.1.jar:/home/qinghua/.m2/repository/org/junit/jupiter/junit-jupiter-api/5.8.1/junit-jupiter-api-5.8.1.jar:/home/qinghua/.m2/repository/org/apiguardian/apiguardian-api/1.1.2/apiguardian-api-1.1.2.jar:"/>
    <property name="sun.cpu.endian" value="little"/>
    <property name="user.home" value="/home/qinghua"/>
    <property name="user.language" value="en"/>
    <property name="java.specification.vendor" value="Oracle Corporation"/>
    <property name="java.version.date" value="2025-01-21"/>
    <property name="java.home" value="/usr/lib/jvm/java-11-openjdk-amd64"/>
    <property name="file.separator" value="/"/>
    <property name="basedir" value="/home/qinghua/projects/matg/data/HumanEvalJava/mutants"/>
    <property name="java.vm.compressedOopsMode" value="Zero based"/>
    <property name="line.separator" value="&#10;"/>
    <property name="java.specification.name" value="Java Platform API Specification"/>
    <property name="java.vm.specification.vendor" value="Oracle Corporation"/>
    <property name="java.awt.graphicsenv" value="sun.awt.X11GraphicsEnvironment"/>
    <property name="surefire.real.class.path" value="/home/qinghua/projects/matg/data/HumanEvalJava/mutants/target/surefire/surefirebooter-20250528172623223_3.jar"/>
    <property name="sun.management.compiler" value="HotSpot 64-Bit Tiered Compilers"/>
    <property name="java.runtime.version" value="11.0.26+4-post-Ubuntu-1ubuntu124.04"/>
    <property name="user.name" value="qinghua"/>
    <property name="path.separator" value=":"/>
    <property name="os.version" value="6.11.0-21-generic"/>
    <property name="java.runtime.name" value="OpenJDK Runtime Environment"/>
    <property name="file.encoding" value="UTF-8"/>
    <property name="java.vm.name" value="OpenJDK 64-Bit Server VM"/>
    <property name="localRepository" value="/home/qinghua/.m2/repository"/>
    <property name="java.vendor.url.bug" value="https://bugs.launchpad.net/ubuntu/+source/openjdk-lts"/>
    <property name="java.io.tmpdir" value="/tmp"/>
    <property name="java.version" value="11.0.26"/>
    <property name="user.dir" value="/home/qinghua/projects/matg/data/HumanEvalJava/mutants"/>
    <property name="os.arch" value="amd64"/>
    <property name="java.vm.specification.name" value="Java Virtual Machine Specification"/>
    <property name="java.awt.printerjob" value="sun.print.PSPrinterJob"/>
    <property name="sun.os.patch.level" value="unknown"/>
    <property name="java.library.path" value="/usr/local/cuda-12.6/lib64::/usr/java/packages/lib:/usr/lib/x86_64-linux-gnu/jni:/lib/x86_64-linux-gnu:/usr/lib/x86_64-linux-gnu:/usr/lib/jni:/lib:/usr/lib"/>
    <property name="java.vm.info" value="mixed mode, sharing"/>
    <property name="java.vendor" value="Ubuntu"/>
    <property name="java.vm.version" value="11.0.26+4-post-Ubuntu-1ubuntu124.04"/>
    <property name="java.specification.maintenance.version" value="3"/>
    <property name="sun.io.unicode.encoding" value="UnicodeLittle"/>
    <property name="java.class.version" value="55.0"/>
  </properties>
  <testcase name="TestRightAngleTriangle_Negative_NegativeNumbers" classname="original.RightAngleTriangleTest" time="0"/>
  <testcase name="testRightAngleTriangle" classname="original.RightAngleTriangleTest" time="0"/>
  <testcase name="testZeroInputEdgeCase" classname="original.RightAngleTriangleTest" time="0"/>
  <testcase name="testEqualSides_1" classname="original.RightAngleTriangleTest" time="0"/>
  <testcase name="testNotARightAngleTriangleSadPath" classname="original.RightAngleTriangleTest" time="0"/>
  <testcase name="testRightAngleTriangleDifferentOrder" classname="original.RightAngleTriangleTest" time="0"/>
  <testcase name="testRightAngleTriangle_Negative_InvalidInputZero" classname="original.RightAngleTriangleTest" time="0"/>
  <testcase name="RightAngleTriangle_PositiveTest_SideAIsHypotenuse2" classname="original.RightAngleTriangleTest" time="0"/>
  <testcase name="testRightAngleTriangleWithALessThanC" classname="original.RightAngleTriangleTest" time="0"/>
  <testcase name="TestRightAngleTriangleWithBGreaterThanAAndALessThanC" classname="original.RightAngleTriangleTest" time="0"/>
  <testcase name="testRightAngleTriangle_1" classname="original.RightAngleTriangleTest" time="0"/>
  <testcase name="testRightAngleTriangle_2" classname="original.RightAngleTriangleTest" time="0"/>
  <testcase name="TestRightAngleTriangle_EdgeCase_AllSidesEqual" classname="original.RightAngleTriangleTest" time="0"/>
  <testcase name="testEdgeCaseWithEqualSideLengths" classname="original.RightAngleTriangleTest" time="0.001"/>
  <testcase name="testNonRightAngleTriangle_1" classname="original.RightAngleTriangleTest" time="0"/>
  <testcase name="testZeroSideLength_1" classname="original.RightAngleTriangleTest" time="0"/>
  <testcase name="TestRightAngleTriangle_SpecificFunctionality_DuplicateValues" classname="original.RightAngleTriangleTest" time="0"/>
  <testcase name="testEqualSides_EdgeCase" classname="original.RightAngleTriangleTest" time="0"/>
  <testcase name="testEdgeCaseAllSidesEqual" classname="original.RightAngleTriangleTest" time="0"/>
  <testcase name="RightAngleTriangle_SadPath_NotRightAngled" classname="original.RightAngleTriangleTest" time="0"/>
  <testcase name="TestRightAngleTriangleWithBLongerThanAAndC" classname="original.RightAngleTriangleTest" time="0"/>
  <testcase name="testRightAngleTriangle_True" classname="original.RightAngleTriangleTest" time="0"/>
  <testcase name="RightAngleTriangle_PositiveTest_SideAIsHypotenuse" classname="original.RightAngleTriangleTest" time="0"/>
  <testcase name="RightAngleTriangle_HappyPath_10_6_8" classname="original.RightAngleTriangleTest" time="0.001"/>
  <testcase name="testRightAngleTriangle_Edge_TwoEqualSides" classname="original.RightAngleTriangleTest" time="0"/>
  <testcase name="testNotRightAngleTriangleWithBEqualsA" classname="original.RightAngleTriangleTest" time="0"/>
  <testcase name="testNotATriangle" classname="original.RightAngleTriangleTest" time="0"/>
  <testcase name="TestRightAngleTriangleWithAEqualToB" classname="original.RightAngleTriangleTest" time="0"/>
  <testcase name="testEdgeCaseWithZeroSideLength" classname="original.RightAngleTriangleTest" time="0"/>
  <testcase name="testRightAngleTriangleWithAEqualsC" classname="original.RightAngleTriangleTest" time="0"/>
  <testcase name="testEqualSides" classname="original.RightAngleTriangleTest" time="0"/>
  <testcase name="RightAngleTriangle_SadPath_EqualSides" classname="original.RightAngleTriangleTest" time="0"/>
  <testcase name="testRightAngleTriangleWithBLarger" classname="original.RightAngleTriangleTest" time="0"/>
  <testcase name="TestRightAngleTriangle_EdgeCase_Zero" classname="original.RightAngleTriangleTest" time="0"/>
  <testcase name="testRightAngleTriangle_Specific_LargeNumbers_Fixed_2" classname="original.RightAngleTriangleTest" time="0"/>
  <testcase name="testRightAngleTriangle_Specific_LargeNumbers_Fixed_3" classname="original.RightAngleTriangleTest" time="0"/>
  <testcase name="testRightAngleTriangle_Specific_LargeNumbers_Fixed_4" classname="original.RightAngleTriangleTest" time="0"/>
  <testcase name="RightAngleTriangleTest_InvalidInput" classname="original.RightAngleTriangleTest" time="0.001"/>
  <testcase name="testLargeNumbersHappyPath" classname="original.RightAngleTriangleTest" time="0"/>
  <testcase name="TestRightAngleTriangle_SadPath_NonTriangle" classname="original.RightAngleTriangleTest" time="0"/>
  <testcase name="RightAngleTriangleTest_EqualSides" classname="original.RightAngleTriangleTest" time="0"/>
  <testcase name="testRightAngleTriangle_Negative_InvalidInput" classname="original.RightAngleTriangleTest" time="0"/>
  <testcase name="RightAngleTriangle_NegativeTest_NoRightAngle3" classname="original.RightAngleTriangleTest" time="0"/>
  <testcase name="TestRightAngleTriangle_EdgeCase_EqualSides" classname="original.RightAngleTriangleTest" time="0"/>
  <testcase name="RightAngleTriangle_EdgeCase_SidesAreEqual" classname="original.RightAngleTriangleTest" time="0"/>
  <testcase name="testNegativeSideLength_ErrorTest" classname="original.RightAngleTriangleTest" time="0"/>
  <testcase name="RightAngleTriangleTest_Positive" classname="original.RightAngleTriangleTest" time="0"/>
  <testcase name="testRightAngleTriangle_Edge_EqualSides" classname="original.RightAngleTriangleTest" time="0"/>
  <testcase name="testEdgeCaseEqualSides" classname="original.RightAngleTriangleTest" time="0"/>
  <testcase name="testZeroSideLength_NegativeTest" classname="original.RightAngleTriangleTest" time="0.001"/>
  <testcase name="testNegativeInputValues" classname="original.RightAngleTriangleTest" time="0"/>
  <testcase name="RightAngleTriangleTest_Negative" classname="original.RightAngleTriangleTest" time="0"/>
  <testcase name="RightAngleTriangleTestCase_bLongest" classname="original.RightAngleTriangleTest" time="0"/>
  <testcase name="testNotRightAngleTriangle_SadPath" classname="original.RightAngleTriangleTest" time="0"/>
  <testcase name="testRightAngleTriangle_Positive" classname="original.RightAngleTriangleTest" time="0"/>
  <testcase name="RightAngleTriangleTestCase_TwoSidesEqual" classname="original.RightAngleTriangleTest" time="0"/>
  <testcase name="TestRightAngleTriangle_Positive_SmallNumbers" classname="original.RightAngleTriangleTest" time="0"/>
  <testcase name="testNegativeSideLength_1" classname="original.RightAngleTriangleTest" time="0"/>
  <testcase name="RightAngleTriangle_HappyPath_7_24_25" classname="original.RightAngleTriangleTest" time="0"/>
  <testcase name="testLargeNumbers" classname="original.RightAngleTriangleTest" time="0"/>
  <testcase name="RightAngleTriangle_EdgeCase_SideAIsZero" classname="original.RightAngleTriangleTest" time="0"/>
  <testcase name="RightAngleTriangle_EdgeCase_ZeroInput" classname="original.RightAngleTriangleTest" time="0"/>
  <testcase name="testRightAngleTriangle_Specific_PythagoreanTriple" classname="original.RightAngleTriangleTest" time="0"/>
  <testcase name="testSmallNumbersSadPath" classname="original.RightAngleTriangleTest" time="0.001"/>
  <testcase name="TestRightAngleTriangle_NegativeTest_NonPositiveSideLengths" classname="original.RightAngleTriangleTest" time="0"/>
  <testcase name="TestRightAngleTriangle_Negative_NotARightAngle" classname="original.RightAngleTriangleTest" time="0"/>
  <testcase name="testLargeNumbers_EdgeCase" classname="original.RightAngleTriangleTest" time="0"/>
  <testcase name="testNotRightAngleTriangleWithValidInputs" classname="original.RightAngleTriangleTest" time="0"/>
  <testcase name="testNothing" classname="original.RightAngleTriangleTest" time="0"/>
  <testcase name="TestRightAngleTriangle_EdgeCase_TwoSidesEqual" classname="original.RightAngleTriangleTest" time="0"/>
  <testcase name="TestRightAngleTriangleWithCGreaterThanBAndAGreaterThanC" classname="original.RightAngleTriangleTest" time="0"/>
  <testcase name="RightAngleTriangle_NegativeTest_NoRightAngle" classname="original.RightAngleTriangleTest" time="0"/>
  <testcase name="testZeroSideLength" classname="original.RightAngleTriangleTest" time="0"/>
  <testcase name="TestRightAngleTriangle_HappyPath" classname="original.RightAngleTriangleTest" time="0"/>
  <testcase name="testRightAngleTriangle_Negative_NotATriangle" classname="original.RightAngleTriangleTest" time="0"/>
  <testcase name="TestRightAngleTriangle_Positive_LargeNumbers" classname="original.RightAngleTriangleTest" time="0"/>
</testsuite>