<?xml version="1.0" encoding="UTF-8"?>
<testsuite xmlns:xsi="http://www.w3.org/2001/XMLSchema-instance" xsi:noNamespaceSchemaLocation="https://maven.apache.org/surefire/maven-surefire-plugin/xsd/surefire-test-report-3.0.xsd" version="3.0" name="original.TriangleArea1Test" time="0.013" tests="60" errors="0" skipped="0" failures="0">
  <properties>
    <property name="awt.toolkit" value="sun.awt.X11.XToolkit"/>
    <property name="java.specification.version" value="11"/>
    <property name="sun.cpu.isalist" value=""/>
    <property name="sun.jnu.encoding" value="UTF-8"/>
    <property name="java.class.path" value="/home/qinghua/projects/matg/data/HumanEvalJava/mutants/target/test-classes:/home/qinghua/projects/matg/data/HumanEvalJava/mutants/target/classes:/home/qinghua/.m2/repository/org/junit/jupiter/junit-jupiter-engine/5.8.1/junit-jupiter-engine-5.8.1.jar:/home/qinghua/.m2/repository/org/junit/platform/junit-platform-engine/1.8.1/junit-platform-engine-1.8.1.jar:/home/qinghua/.m2/repository/org/opentest4j/opentest4j/1.2.0/opentest4j-1.2.0.jar:/home/qinghua/.m2/repository/org/junit/platform/junit-platform-commons/1.8.1/junit-platform-commons-1.8.1.jar:/home/qinghua/.m2/repository/org/junit/jupiter/junit-jupiter-api/5.8.1/junit-jupiter-api-5.8.1.jar:/home/qinghua/.m2/repository/org/apiguardian/apiguardian-api/1.1.2/apiguardian-api-1.1.2.jar:"/>
    <property name="java.vm.vendor" value="Ubuntu"/>
    <property name="sun.arch.data.model" value="64"/>
    <property name="java.vendor.url" value="https://ubuntu.com/"/>
    <property name="user.timezone" value=""/>
    <property name="java.vm.specification.version" value="11"/>
    <property name="os.name" value="Linux"/>
    <property name="sun.java.launcher" value="SUN_STANDARD"/>
    <property name="user.country" value="US"/>
    <property name="sun.boot.library.path" value="/usr/lib/jvm/java-11-openjdk-amd64/lib"/>
    <property name="sun.java.command" value="/home/qinghua/projects/matg/data/HumanEvalJava/mutants/target/surefire/surefirebooter-20250528172623223_3.jar /home/qinghua/projects/matg/data/HumanEvalJava/mutants/target/surefire 2025-05-28T17-26-23_165-jvmRun1 surefire-20250528172623223_1tmp surefire_0-20250528172623223_2tmp"/>
    <property name="jdk.debug" value="release"/>
    <property name="surefire.test.class.path" value="/home/qinghua/projects/matg/data/HumanEvalJava/mutants/target/test-classes:/home/qinghua/projects/matg/data/HumanEvalJava/mutants/target/classes:/home/qinghua/.m2/repository/org/junit/jupiter/junit-jupiter-engine/5.8.1/junit-jupiter-engine-5.8.1.jar:/home/qinghua/.m2/repository/org/junit/platform/junit-platform-engine/1.8.1/junit-platform-engine-1.8.1.jar:/home/qinghua/.m2/repository/org/opentest4j/opentest4j/1.2.0/opentest4j-1.2.0.jar:/home/qinghua/.m2/repository/org/junit/platform/junit-platform-commons/1.8.1/junit-platform-commons-1.8.1.jar:/home/qinghua/.m2/repository/org/junit/jupiter/junit-jupiter-api/5.8.1/junit-jupiter-api-5.8.1.jar:/home/qinghua/.m2/repository/org/apiguardian/apiguardian-api/1.1.2/apiguardian-api-1.1.2.jar:"/>
    <property name="sun.cpu.endian" value="little"/>
    <property name="user.home" value="/home/qinghua"/>
    <property name="user.language" value="en"/>
    <property name="java.specification.vendor" value="Oracle Corporation"/>
    <property name="java.version.date" value="2025-01-21"/>
    <property name="java.home" value="/usr/lib/jvm/java-11-openjdk-amd64"/>
    <property name="file.separator" value="/"/>
    <property name="basedir" value="/home/qinghua/projects/matg/data/HumanEvalJava/mutants"/>
    <property name="java.vm.compressedOopsMode" value="Zero based"/>
    <property name="line.separator" value="&#10;"/>
    <property name="java.specification.name" value="Java Platform API Specification"/>
    <property name="java.vm.specification.vendor" value="Oracle Corporation"/>
    <property name="java.awt.graphicsenv" value="sun.awt.X11GraphicsEnvironment"/>
    <property name="surefire.real.class.path" value="/home/qinghua/projects/matg/data/HumanEvalJava/mutants/target/surefire/surefirebooter-20250528172623223_3.jar"/>
    <property name="sun.management.compiler" value="HotSpot 64-Bit Tiered Compilers"/>
    <property name="java.runtime.version" value="11.0.26+4-post-Ubuntu-1ubuntu124.04"/>
    <property name="user.name" value="qinghua"/>
    <property name="path.separator" value=":"/>
    <property name="os.version" value="6.11.0-21-generic"/>
    <property name="java.runtime.name" value="OpenJDK Runtime Environment"/>
    <property name="file.encoding" value="UTF-8"/>
    <property name="java.vm.name" value="OpenJDK 64-Bit Server VM"/>
    <property name="localRepository" value="/home/qinghua/.m2/repository"/>
    <property name="java.vendor.url.bug" value="https://bugs.launchpad.net/ubuntu/+source/openjdk-lts"/>
    <property name="java.io.tmpdir" value="/tmp"/>
    <property name="java.version" value="11.0.26"/>
    <property name="user.dir" value="/home/qinghua/projects/matg/data/HumanEvalJava/mutants"/>
    <property name="os.arch" value="amd64"/>
    <property name="java.vm.specification.name" value="Java Virtual Machine Specification"/>
    <property name="java.awt.printerjob" value="sun.print.PSPrinterJob"/>
    <property name="sun.os.patch.level" value="unknown"/>
    <property name="java.library.path" value="/usr/local/cuda-12.6/lib64::/usr/java/packages/lib:/usr/lib/x86_64-linux-gnu/jni:/lib/x86_64-linux-gnu:/usr/lib/x86_64-linux-gnu:/usr/lib/jni:/lib:/usr/lib"/>
    <property name="java.vm.info" value="mixed mode, sharing"/>
    <property name="java.vendor" value="Ubuntu"/>
    <property name="java.vm.version" value="11.0.26+4-post-Ubuntu-1ubuntu124.04"/>
    <property name="java.specification.maintenance.version" value="3"/>
    <property name="sun.io.unicode.encoding" value="UnicodeLittle"/>
    <property name="java.class.version" value="55.0"/>
  </properties>
  <testcase name="testTriangleArea_BoundaryCondition" classname="original.TriangleArea1Test" time="0.001"/>
  <testcase name="testValidTriangle" classname="original.TriangleArea1Test" time="0"/>
  <testcase name="testExtremeValues" classname="original.TriangleArea1Test" time="0"/>
  <testcase name="testTriangleArea_InvalidTriangle_Fixed_2" classname="original.TriangleArea1Test" time="0"/>
  <testcase name="testTriangleArea_NegativeSideLength" classname="original.TriangleArea1Test" time="0"/>
  <testcase name="triangleAreaTest1" classname="original.TriangleArea1Test" time="0"/>
  <testcase name="testTriangleAreaWithInvalidSides" classname="original.TriangleArea1Test" time="0"/>
  <testcase name="testTriangleArea_InvalidTriangle_DifferentOrder" classname="original.TriangleArea1Test" time="0.001"/>
  <testcase name="Negative_Test_Two_Sides_Equal_to_Third_Side_Fixed" classname="original.TriangleArea1Test" time="0"/>
  <testcase name="EdgeCaseTest_NegativeInputValues_TriangleArea8" classname="original.TriangleArea1Test" time="0"/>
  <testcase name="testEdgeCaseZeroSide" classname="original.TriangleArea1Test" time="0"/>
  <testcase name="testTriangleArea_NegativeNumbers" classname="original.TriangleArea1Test" time="0"/>
  <testcase name="EdgeCaseTest_CornerCondition_TriangleArea6" classname="original.TriangleArea1Test" time="0"/>
  <testcase name="testIsoscelesTriangle" classname="original.TriangleArea1Test" time="0.001"/>
  <testcase name="testTriangleAreaWithSmallValues1" classname="original.TriangleArea1Test" time="0"/>
  <testcase name="testInvalidSideLengths" classname="original.TriangleArea1Test" time="0"/>
  <testcase name="Edge_Case_Test_All_Sides_Equal_to_1" classname="original.TriangleArea1Test" time="0.001"/>
  <testcase name="Edge_Case_Test_Equilateral_Triangle2" classname="original.TriangleArea1Test" time="0"/>
  <testcase name="testTriangleArea_LargeNumbers_2" classname="original.TriangleArea1Test" time="0"/>
  <testcase name="Edge_Case_Test_Equilateral_Triangle" classname="original.TriangleArea1Test" time="0"/>
  <testcase name="testTriangleArea_IsoscelesTriangle" classname="original.TriangleArea1Test" time="0"/>
  <testcase name="NegativeTest_SadPath_TriangleArea2" classname="original.TriangleArea1Test" time="0"/>
  <testcase name="NegativeTest_SadPath_TriangleArea5" classname="original.TriangleArea1Test" time="0"/>
  <testcase name="testTriangleArea_ValidTriangle_DifferentOrder" classname="original.TriangleArea1Test" time="0.001"/>
  <testcase name="Positive_Test_Valid_Triangle" classname="original.TriangleArea1Test" time="0"/>
  <testcase name="testTriangleArea_EquilateralTriangle" classname="original.TriangleArea1Test" time="0"/>
  <testcase name="testTriangleArea_ZeroSideLength_Fixed" classname="original.TriangleArea1Test" time="0"/>
  <testcase name="triangleArea_ValidInput_Test1" classname="original.TriangleArea1Test" time="0"/>
  <testcase name="testMyMethod1" classname="original.TriangleArea1Test" time="0.001"/>
  <testcase name="testInvalidTriangle" classname="original.TriangleArea1Test" time="0"/>
  <testcase name="PositiveTest_HappyPath_TriangleArea1" classname="original.TriangleArea1Test" time="0"/>
  <testcase name="PositiveTest_HappyPath_TriangleArea4" classname="original.TriangleArea1Test" time="0"/>
  <testcase name="testRightAngledTriangle" classname="original.TriangleArea1Test" time="0"/>
  <testcase name="testTriangleArea_EqualSides_1" classname="original.TriangleArea1Test" time="0"/>
  <testcase name="testTriangleArea_ValidTriangle_Delta" classname="original.TriangleArea1Test" time="0"/>
  <testcase name="testEdgeCaseEqualSides" classname="original.TriangleArea1Test" time="0"/>
  <testcase name="testTriangleArea_ZeroSides" classname="original.TriangleArea1Test" time="0"/>
  <testcase name="testTriangleArea_EqualSides" classname="original.TriangleArea1Test" time="0"/>
  <testcase name="testValidTriangle1" classname="original.TriangleArea1Test" time="0"/>
  <testcase name="triangleAreaValidSidesTest1" classname="original.TriangleArea1Test" time="0"/>
  <testcase name="triangleAreaValidSidesTest2" classname="original.TriangleArea1Test" time="0"/>
  <testcase name="triangleArea_ValidInput_1" classname="original.TriangleArea1Test" time="0"/>
  <testcase name="testTriangleArea_ValidTriangleWithDecimals" classname="original.TriangleArea1Test" time="0.001"/>
  <testcase name="testTriangleArea_InvalidTriangle" classname="original.TriangleArea1Test" time="0"/>
  <testcase name="testInvalidTriangleFixed" classname="original.TriangleArea1Test" time="0"/>
  <testcase name="testEquilateralTriangle" classname="original.TriangleArea1Test" time="0"/>
  <testcase name="testNegativeInput" classname="original.TriangleArea1Test" time="0"/>
  <testcase name="EdgeCaseTest_BoundaryConditions_TriangleArea3" classname="original.TriangleArea1Test" time="0.001"/>
  <testcase name="Negative_Test_Invalid_Triangle_sum_of_two_sides_less_than_third_side" classname="original.TriangleArea1Test" time="0"/>
  <testcase name="Negative_Test_Invalid_Triangle_sum_of_two_sides_equals_third_side" classname="original.TriangleArea1Test" time="0"/>
  <testcase name="testTriangleArea_RightTriangle" classname="original.TriangleArea1Test" time="0"/>
  <testcase name="testTriangleArea_InvalidTriangle_Fixed" classname="original.TriangleArea1Test" time="0"/>
  <testcase name="Positive_Test_Valid_Triangle2" classname="original.TriangleArea1Test" time="0"/>
  <testcase name="Positive_Test_Isosceles_Triangle" classname="original.TriangleArea1Test" time="0"/>
  <testcase name="testNothing" classname="original.TriangleArea1Test" time="0.001"/>
  <testcase name="testTriangleAreaWithEqualSides" classname="original.TriangleArea1Test" time="0"/>
  <testcase name="positiveTestValidTriangle1" classname="original.TriangleArea1Test" time="0"/>
  <testcase name="testTriangleArea_ValidTriangle" classname="original.TriangleArea1Test" time="0"/>
  <testcase name="EdgeCaseTest_SingleSideLengthZero_TriangleArea7" classname="original.TriangleArea1Test" time="0"/>
  <testcase name="testTriangleAreaValidInput" classname="original.TriangleArea1Test" time="0"/>
</testsuite>