<?xml version="1.0" encoding="UTF-8"?>
<testsuite xmlns:xsi="http://www.w3.org/2001/XMLSchema-instance" xsi:noNamespaceSchemaLocation="https://maven.apache.org/surefire/maven-surefire-plugin/xsd/surefire-test-report-3.0.xsd" version="3.0" name="original.XOrYTest" time="0.006" tests="30" errors="0" skipped="0" failures="0">
  <properties>
    <property name="awt.toolkit" value="sun.awt.X11.XToolkit"/>
    <property name="java.specification.version" value="11"/>
    <property name="sun.cpu.isalist" value=""/>
    <property name="sun.jnu.encoding" value="UTF-8"/>
    <property name="java.class.path" value="/home/qinghua/projects/mutahunter/mutahunter/data/HumanEvalJava/multi_agent/target/test-classes:/home/qinghua/projects/mutahunter/mutahunter/data/HumanEvalJava/multi_agent/target/classes:/home/qinghua/.m2/repository/org/junit/jupiter/junit-jupiter-engine/5.8.1/junit-jupiter-engine-5.8.1.jar:/home/qinghua/.m2/repository/org/junit/platform/junit-platform-engine/1.8.1/junit-platform-engine-1.8.1.jar:/home/qinghua/.m2/repository/org/opentest4j/opentest4j/1.2.0/opentest4j-1.2.0.jar:/home/qinghua/.m2/repository/org/junit/platform/junit-platform-commons/1.8.1/junit-platform-commons-1.8.1.jar:/home/qinghua/.m2/repository/org/junit/jupiter/junit-jupiter-api/5.8.1/junit-jupiter-api-5.8.1.jar:/home/qinghua/.m2/repository/org/apiguardian/apiguardian-api/1.1.2/apiguardian-api-1.1.2.jar:"/>
    <property name="java.vm.vendor" value="Ubuntu"/>
    <property name="sun.arch.data.model" value="64"/>
    <property name="java.vendor.url" value="https://ubuntu.com/"/>
    <property name="user.timezone" value=""/>
    <property name="java.vm.specification.version" value="11"/>
    <property name="os.name" value="Linux"/>
    <property name="sun.java.launcher" value="SUN_STANDARD"/>
    <property name="user.country" value="US"/>
    <property name="sun.boot.library.path" value="/usr/lib/jvm/java-11-openjdk-amd64/lib"/>
    <property name="sun.java.command" value="/home/qinghua/projects/mutahunter/mutahunter/data/HumanEvalJava/multi_agent/target/surefire/surefirebooter-20250502143905150_3.jar /home/qinghua/projects/mutahunter/mutahunter/data/HumanEvalJava/multi_agent/target/surefire 2025-05-02T14-39-05_093-jvmRun1 surefire-20250502143905150_1tmp surefire_0-20250502143905150_2tmp"/>
    <property name="jdk.debug" value="release"/>
    <property name="surefire.test.class.path" value="/home/qinghua/projects/mutahunter/mutahunter/data/HumanEvalJava/multi_agent/target/test-classes:/home/qinghua/projects/mutahunter/mutahunter/data/HumanEvalJava/multi_agent/target/classes:/home/qinghua/.m2/repository/org/junit/jupiter/junit-jupiter-engine/5.8.1/junit-jupiter-engine-5.8.1.jar:/home/qinghua/.m2/repository/org/junit/platform/junit-platform-engine/1.8.1/junit-platform-engine-1.8.1.jar:/home/qinghua/.m2/repository/org/opentest4j/opentest4j/1.2.0/opentest4j-1.2.0.jar:/home/qinghua/.m2/repository/org/junit/platform/junit-platform-commons/1.8.1/junit-platform-commons-1.8.1.jar:/home/qinghua/.m2/repository/org/junit/jupiter/junit-jupiter-api/5.8.1/junit-jupiter-api-5.8.1.jar:/home/qinghua/.m2/repository/org/apiguardian/apiguardian-api/1.1.2/apiguardian-api-1.1.2.jar:"/>
    <property name="sun.cpu.endian" value="little"/>
    <property name="user.home" value="/home/qinghua"/>
    <property name="user.language" value="en"/>
    <property name="java.specification.vendor" value="Oracle Corporation"/>
    <property name="java.version.date" value="2025-01-21"/>
    <property name="java.home" value="/usr/lib/jvm/java-11-openjdk-amd64"/>
    <property name="file.separator" value="/"/>
    <property name="basedir" value="/home/qinghua/projects/mutahunter/mutahunter/data/HumanEvalJava/multi_agent"/>
    <property name="java.vm.compressedOopsMode" value="Zero based"/>
    <property name="line.separator" value="&#10;"/>
    <property name="java.specification.name" value="Java Platform API Specification"/>
    <property name="java.vm.specification.vendor" value="Oracle Corporation"/>
    <property name="java.awt.graphicsenv" value="sun.awt.X11GraphicsEnvironment"/>
    <property name="surefire.real.class.path" value="/home/qinghua/projects/mutahunter/mutahunter/data/HumanEvalJava/multi_agent/target/surefire/surefirebooter-20250502143905150_3.jar"/>
    <property name="sun.management.compiler" value="HotSpot 64-Bit Tiered Compilers"/>
    <property name="java.runtime.version" value="11.0.26+4-post-Ubuntu-1ubuntu124.04"/>
    <property name="user.name" value="qinghua"/>
    <property name="path.separator" value=":"/>
    <property name="os.version" value="6.11.0-21-generic"/>
    <property name="java.runtime.name" value="OpenJDK Runtime Environment"/>
    <property name="file.encoding" value="UTF-8"/>
    <property name="java.vm.name" value="OpenJDK 64-Bit Server VM"/>
    <property name="localRepository" value="/home/qinghua/.m2/repository"/>
    <property name="java.vendor.url.bug" value="https://bugs.launchpad.net/ubuntu/+source/openjdk-lts"/>
    <property name="java.io.tmpdir" value="/tmp"/>
    <property name="java.version" value="11.0.26"/>
    <property name="user.dir" value="/home/qinghua/projects/mutahunter/mutahunter/data/HumanEvalJava/multi_agent"/>
    <property name="os.arch" value="amd64"/>
    <property name="java.vm.specification.name" value="Java Virtual Machine Specification"/>
    <property name="java.awt.printerjob" value="sun.print.PSPrinterJob"/>
    <property name="sun.os.patch.level" value="unknown"/>
    <property name="java.library.path" value="/usr/local/cuda-12.6/lib64::/usr/java/packages/lib:/usr/lib/x86_64-linux-gnu/jni:/lib/x86_64-linux-gnu:/usr/lib/x86_64-linux-gnu:/usr/lib/jni:/lib:/usr/lib"/>
    <property name="java.vm.info" value="mixed mode, sharing"/>
    <property name="java.vendor" value="Ubuntu"/>
    <property name="java.vm.version" value="11.0.26+4-post-Ubuntu-1ubuntu124.04"/>
    <property name="java.specification.maintenance.version" value="3"/>
    <property name="sun.io.unicode.encoding" value="UnicodeLittle"/>
    <property name="java.class.version" value="55.0"/>
  </properties>
  <testcase name="testNegativeNumberEdge" classname="original.XOrYTest" time="0"/>
  <testcase name="testClassInitialization" classname="original.XOrYTest" time="0"/>
  <testcase name="testXOrYIsCompositeEven" classname="original.XOrYTest" time="0"/>
  <testcase name="test_xOrY_n_is_prime" classname="original.XOrYTest" time="0"/>
  <testcase name="testNZero" classname="original.XOrYTest" time="0"/>
  <testcase name="testXOrYIsCompositeOdd" classname="original.XOrYTest" time="0"/>
  <testcase name="testCompositeNumberInput" classname="original.XOrYTest" time="0"/>
  <testcase name="test_xOrY_n_is_non_prime_even_number" classname="original.XOrYTest" time="0"/>
  <testcase name="testXOrYIsOne" classname="original.XOrYTest" time="0"/>
  <testcase name="testXOrYIsTwo" classname="original.XOrYTest" time="0"/>
  <testcase name="testXOrYPrime" classname="original.XOrYTest" time="0"/>
  <testcase name="testXOrYIsNotPrime" classname="original.XOrYTest" time="0.001"/>
  <testcase name="testLargerCompositeNumber" classname="original.XOrYTest" time="0"/>
  <testcase name="testXOrYIsPrime" classname="original.XOrYTest" time="0"/>
  <testcase name="testLargerPrimeNumber" classname="original.XOrYTest" time="0"/>
  <testcase name="test_xOrY_n_is_one" classname="original.XOrYTest" time="0"/>
  <testcase name="test_xOrY_n_is_two" classname="original.XOrYTest" time="0.001"/>
  <testcase name="testPrimeNumberInput" classname="original.XOrYTest" time="0"/>
  <testcase name="testCompositeNumber_4" classname="original.XOrYTest" time="0"/>
  <testcase name="testCompositeNumber_9" classname="original.XOrYTest" time="0"/>
  <testcase name="testXOrYNPrime" classname="original.XOrYTest" time="0"/>
  <testcase name="test_xOrY_n_is_even_composite_large_1" classname="original.XOrYTest" time="0"/>
  <testcase name="testNegativeInput" classname="original.XOrYTest" time="0"/>
  <testcase name="testNegativeXAndY" classname="original.XOrYTest" time="0"/>
  <testcase name="testNegativeNumber_Edge" classname="original.XOrYTest" time="0"/>
  <testcase name="testPrimeNumber_3" classname="original.XOrYTest" time="0"/>
  <testcase name="testPrimeNumber_5" classname="original.XOrYTest" time="0"/>
  <testcase name="testPrimeNumber_Edge_2" classname="original.XOrYTest" time="0"/>
  <testcase name="testXOrYN1" classname="original.XOrYTest" time="0"/>
  <testcase name="testXOrYN2" classname="original.XOrYTest" time="0.001"/>
</testsuite>