<?xml version="1.0" encoding="UTF-8"?>
<testsuite xmlns:xsi="http://www.w3.org/2001/XMLSchema-instance" xsi:noNamespaceSchemaLocation="https://maven.apache.org/surefire/maven-surefire-plugin/xsd/surefire-test-report-3.0.xsd" version="3.0" name="original.NumericalLetterGradeTest" time="0.008" tests="74" errors="0" skipped="0" failures="0">
  <properties>
    <property name="awt.toolkit" value="sun.awt.X11.XToolkit"/>
    <property name="java.specification.version" value="11"/>
    <property name="sun.cpu.isalist" value=""/>
    <property name="sun.jnu.encoding" value="UTF-8"/>
    <property name="java.class.path" value="/home/qinghua/projects/matg/data/experiments/HumanEvalJava/candor/run_0/generate/target/test-classes:/home/qinghua/projects/matg/data/experiments/HumanEvalJava/candor/run_0/generate/target/classes:/home/qinghua/.m2/repository/org/junit/jupiter/junit-jupiter-engine/5.8.1/junit-jupiter-engine-5.8.1.jar:/home/qinghua/.m2/repository/org/junit/platform/junit-platform-engine/1.8.1/junit-platform-engine-1.8.1.jar:/home/qinghua/.m2/repository/org/opentest4j/opentest4j/1.2.0/opentest4j-1.2.0.jar:/home/qinghua/.m2/repository/org/junit/platform/junit-platform-commons/1.8.1/junit-platform-commons-1.8.1.jar:/home/qinghua/.m2/repository/org/junit/jupiter/junit-jupiter-api/5.8.1/junit-jupiter-api-5.8.1.jar:/home/qinghua/.m2/repository/org/apiguardian/apiguardian-api/1.1.2/apiguardian-api-1.1.2.jar:"/>
    <property name="java.vm.vendor" value="Ubuntu"/>
    <property name="sun.arch.data.model" value="64"/>
    <property name="java.vendor.url" value="https://ubuntu.com/"/>
    <property name="user.timezone" value=""/>
    <property name="java.vm.specification.version" value="11"/>
    <property name="os.name" value="Linux"/>
    <property name="sun.java.launcher" value="SUN_STANDARD"/>
    <property name="user.country" value="US"/>
    <property name="sun.boot.library.path" value="/usr/lib/jvm/java-11-openjdk-amd64/lib"/>
    <property name="sun.java.command" value="/home/qinghua/projects/matg/data/experiments/HumanEvalJava/candor/run_0/generate/target/surefire/surefirebooter-20250529181348110_3.jar /home/qinghua/projects/matg/data/experiments/HumanEvalJava/candor/run_0/generate/target/surefire 2025-05-29T18-13-48_052-jvmRun1 surefire-20250529181348110_1tmp surefire_0-20250529181348110_2tmp"/>
    <property name="jdk.debug" value="release"/>
    <property name="surefire.test.class.path" value="/home/qinghua/projects/matg/data/experiments/HumanEvalJava/candor/run_0/generate/target/test-classes:/home/qinghua/projects/matg/data/experiments/HumanEvalJava/candor/run_0/generate/target/classes:/home/qinghua/.m2/repository/org/junit/jupiter/junit-jupiter-engine/5.8.1/junit-jupiter-engine-5.8.1.jar:/home/qinghua/.m2/repository/org/junit/platform/junit-platform-engine/1.8.1/junit-platform-engine-1.8.1.jar:/home/qinghua/.m2/repository/org/opentest4j/opentest4j/1.2.0/opentest4j-1.2.0.jar:/home/qinghua/.m2/repository/org/junit/platform/junit-platform-commons/1.8.1/junit-platform-commons-1.8.1.jar:/home/qinghua/.m2/repository/org/junit/jupiter/junit-jupiter-api/5.8.1/junit-jupiter-api-5.8.1.jar:/home/qinghua/.m2/repository/org/apiguardian/apiguardian-api/1.1.2/apiguardian-api-1.1.2.jar:"/>
    <property name="sun.cpu.endian" value="little"/>
    <property name="user.home" value="/home/qinghua"/>
    <property name="user.language" value="en"/>
    <property name="java.specification.vendor" value="Oracle Corporation"/>
    <property name="java.version.date" value="2025-01-21"/>
    <property name="java.home" value="/usr/lib/jvm/java-11-openjdk-amd64"/>
    <property name="file.separator" value="/"/>
    <property name="basedir" value="/home/qinghua/projects/matg/data/experiments/HumanEvalJava/candor/run_0/generate"/>
    <property name="java.vm.compressedOopsMode" value="Zero based"/>
    <property name="line.separator" value="&#10;"/>
    <property name="java.specification.name" value="Java Platform API Specification"/>
    <property name="java.vm.specification.vendor" value="Oracle Corporation"/>
    <property name="java.awt.graphicsenv" value="sun.awt.X11GraphicsEnvironment"/>
    <property name="surefire.real.class.path" value="/home/qinghua/projects/matg/data/experiments/HumanEvalJava/candor/run_0/generate/target/surefire/surefirebooter-20250529181348110_3.jar"/>
    <property name="sun.management.compiler" value="HotSpot 64-Bit Tiered Compilers"/>
    <property name="java.runtime.version" value="11.0.26+4-post-Ubuntu-1ubuntu124.04"/>
    <property name="user.name" value="qinghua"/>
    <property name="path.separator" value=":"/>
    <property name="os.version" value="6.11.0-21-generic"/>
    <property name="java.runtime.name" value="OpenJDK Runtime Environment"/>
    <property name="file.encoding" value="UTF-8"/>
    <property name="java.vm.name" value="OpenJDK 64-Bit Server VM"/>
    <property name="localRepository" value="/home/qinghua/.m2/repository"/>
    <property name="java.vendor.url.bug" value="https://bugs.launchpad.net/ubuntu/+source/openjdk-lts"/>
    <property name="java.io.tmpdir" value="/tmp"/>
    <property name="java.version" value="11.0.26"/>
    <property name="user.dir" value="/home/qinghua/projects/matg/data/experiments/HumanEvalJava/candor/run_0/generate"/>
    <property name="os.arch" value="amd64"/>
    <property name="java.vm.specification.name" value="Java Virtual Machine Specification"/>
    <property name="java.awt.printerjob" value="sun.print.PSPrinterJob"/>
    <property name="sun.os.patch.level" value="unknown"/>
    <property name="java.library.path" value="/usr/local/cuda-12.6/lib64::/usr/java/packages/lib:/usr/lib/x86_64-linux-gnu/jni:/lib/x86_64-linux-gnu:/usr/lib/x86_64-linux-gnu:/usr/lib/jni:/lib:/usr/lib"/>
    <property name="java.vm.info" value="mixed mode, sharing"/>
    <property name="java.vendor" value="Ubuntu"/>
    <property name="java.vm.version" value="11.0.26+4-post-Ubuntu-1ubuntu124.04"/>
    <property name="java.specification.maintenance.version" value="3"/>
    <property name="sun.io.unicode.encoding" value="UnicodeLittle"/>
    <property name="java.class.version" value="55.0"/>
  </properties>
  <testcase name="testNumericalLetterGrade_EmptyInputList" classname="original.NumericalLetterGradeTest" time="0"/>
  <testcase name="testAPGrade" classname="original.NumericalLetterGradeTest" time="0"/>
  <testcase name="TestNumericalLetterGrade_HappyPath_A" classname="original.NumericalLetterGradeTest" time="0.001"/>
  <testcase name="testNonNumericInput" classname="original.NumericalLetterGradeTest" time="0"/>
  <testcase name="test_numericalLetterGrade_1" classname="original.NumericalLetterGradeTest" time="0"/>
  <testcase name="testNumericalLetterGrade_NaNInput" classname="original.NumericalLetterGradeTest" time="0"/>
  <testcase name="testNonNumericInputFixed" classname="original.NumericalLetterGradeTest" time="0"/>
  <testcase name="TestNumericalLetterGrade_HappyPath_4_0_Fixed" classname="original.NumericalLetterGradeTest" time="0"/>
  <testcase name="TestNumericalLetterGradeWithEmptyInput" classname="original.NumericalLetterGradeTest" time="0"/>
  <testcase name="testNumericalLetterGrade_A_minus" classname="original.NumericalLetterGradeTest" time="0"/>
  <testcase name="testNumericalLetterGradeNull" classname="original.NumericalLetterGradeTest" time="0.001"/>
  <testcase name="testNumericalLetterGrade_E_1" classname="original.NumericalLetterGradeTest" time="0"/>
  <testcase name="TestNumericalLetterGrade_SadPath_InvalidGPAFixed" classname="original.NumericalLetterGradeTest" time="0"/>
  <testcase name="testNumericalLetterGrade_EmptyList" classname="original.NumericalLetterGradeTest" time="0"/>
  <testcase name="NumericalLetterGrade_EmptyList" classname="original.NumericalLetterGradeTest" time="0"/>
  <testcase name="testNumericalLetterGrade_withListOfGPAs_returnsCorrectList" classname="original.NumericalLetterGradeTest" time="0"/>
  <testcase name="testNumericalGradeA_1" classname="original.NumericalLetterGradeTest" time="0.001"/>
  <testcase name="testNumericalGradeA_2" classname="original.NumericalLetterGradeTest" time="0"/>
  <testcase name="testNumericalGradeC_2" classname="original.NumericalLetterGradeTest" time="0"/>
  <testcase name="testNumericalLetterGrade_APlus" classname="original.NumericalLetterGradeTest" time="0"/>
  <testcase name="testNumericalLetterGrade_CPlus" classname="original.NumericalLetterGradeTest" time="0"/>
  <testcase name="testNumericalLetterGrade_GradeBoundaryAPlus" classname="original.NumericalLetterGradeTest" time="0"/>
  <testcase name="testNumericalLetterGrade_SingleGrade" classname="original.NumericalLetterGradeTest" time="0"/>
  <testcase name="testNumericalLetterGrade_6" classname="original.NumericalLetterGradeTest" time="0"/>
  <testcase name="testNumericalLetterGrade_B" classname="original.NumericalLetterGradeTest" time="0"/>
  <testcase name="testNumericalLetterGrade_C" classname="original.NumericalLetterGradeTest" time="0"/>
  <testcase name="TestNumericalLetterGradeWithInvalidInput1" classname="original.NumericalLetterGradeTest" time="0"/>
  <testcase name="testNumericalLetterGradeWithEmptyInput" classname="original.NumericalLetterGradeTest" time="0"/>
  <testcase name="testNumericalLetterGradeWithZeroGPA" classname="original.NumericalLetterGradeTest" time="0"/>
  <testcase name="testNumericalGradeToLetterGrade_LowGPA_1" classname="original.NumericalLetterGradeTest" time="0"/>
  <testcase name="testSingleGPA" classname="original.NumericalLetterGradeTest" time="0"/>
  <testcase name="testNumericalLetterGrade_MultipleGrades" classname="original.NumericalLetterGradeTest" time="0"/>
  <testcase name="TestNumericalLetterGrade_SadPath_NullInput" classname="original.NumericalLetterGradeTest" time="0"/>
  <testcase name="testNumericalLetterGradeGPAOfFour" classname="original.NumericalLetterGradeTest" time="0"/>
  <testcase name="testNumericalLetterGradeGPAOfZero" classname="original.NumericalLetterGradeTest" time="0"/>
  <testcase name="TestNumericalLetterGrade_for_B_plus_Grade" classname="original.NumericalLetterGradeTest" time="0"/>
  <testcase name="testNumericalLetterGradeMultipleGrades" classname="original.NumericalLetterGradeTest" time="0"/>
  <testcase name="testNumericalLetterGradeInvalidGPA" classname="original.NumericalLetterGradeTest" time="0"/>
  <testcase name="TestNumericalLetterGrade_EdgeCase_GradeE" classname="original.NumericalLetterGradeTest" time="0.001"/>
  <testcase name="testNumericalLetterGradeWithAPlus" classname="original.NumericalLetterGradeTest" time="0"/>
  <testcase name="test_GPA_A_range" classname="original.NumericalLetterGradeTest" time="0"/>
  <testcase name="testNumericalGradeToLetterGrade_HappyCase_NumericalGrade79" classname="original.NumericalLetterGradeTest" time="0"/>
  <testcase name="testNumericalLetterGradeNullInput" classname="original.NumericalLetterGradeTest" time="0"/>
  <testcase name="test_numericalLetterGrade_single_grade_1" classname="original.NumericalLetterGradeTest" time="0"/>
  <testcase name="TestNumericalLetterGrade_HappyPath_3_0_Fixed" classname="original.NumericalLetterGradeTest" time="0"/>
  <testcase name="testNumericalLetterGradeWithLowestPassingGPAUpdated" classname="original.NumericalLetterGradeTest" time="0"/>
  <testcase name="testNumericalLetterGradeMultipleGPAsAtBoundariesFixed2" classname="original.NumericalLetterGradeTest" time="0"/>
  <testcase name="TestNumericalLetterGrade_HappyPath_2_7" classname="original.NumericalLetterGradeTest" time="0"/>
  <testcase name="testNumericalLetterGradeWithEmptyList" classname="original.NumericalLetterGradeTest" time="0.001"/>
  <testcase name="testNumericalLetterGrade_GradeBMinus_1" classname="original.NumericalLetterGradeTest" time="0"/>
  <testcase name="testNumericalLetterGrade_C_minus_1" classname="original.NumericalLetterGradeTest" time="0"/>
  <testcase name="testGradeOfA" classname="original.NumericalLetterGradeTest" time="0"/>
  <testcase name="testGradeOfE" classname="original.NumericalLetterGradeTest" time="0"/>
  <testcase name="testAGradeCorrectlyCalculated" classname="original.NumericalLetterGradeTest" time="0"/>
  <testcase name="testNumericalGradeToLetterGrade_HappyCase_NumericalGrade100_1" classname="original.NumericalLetterGradeTest" time="0"/>
  <testcase name="TestNumericalLetterGradeWithNullInput" classname="original.NumericalLetterGradeTest" time="0"/>
  <testcase name="testNumericalLetterGrade_NullInput" classname="original.NumericalLetterGradeTest" time="0"/>
  <testcase name="test_GPA_AMinus" classname="original.NumericalLetterGradeTest" time="0"/>
  <testcase name="testNumericalGradeAPlus" classname="original.NumericalLetterGradeTest" time="0"/>
  <testcase name="test_NumericalLetterGrade_CorrectGradeFor90" classname="original.NumericalLetterGradeTest" time="0"/>
  <testcase name="testNumericalLetterGrade_InvalidGrade_Fixed" classname="original.NumericalLetterGradeTest" time="0"/>
  <testcase name="testNegativeGpas1" classname="original.NumericalLetterGradeTest" time="0"/>
  <testcase name="testNegativeGrade" classname="original.NumericalLetterGradeTest" time="0"/>
  <testcase name="testNumericalLetterGradeWithInvalidInput" classname="original.NumericalLetterGradeTest" time="0"/>
  <testcase name="NumericalGradeToLetterGrade_InvalidInput_Fixed_100" classname="original.NumericalLetterGradeTest" time="0"/>
  <testcase name="testNumericalGradeB" classname="original.NumericalLetterGradeTest" time="0"/>
  <testcase name="testNothing" classname="original.NumericalLetterGradeTest" time="0"/>
  <testcase name="testNumericalLetterGradeWithPerfectGPA" classname="original.NumericalLetterGradeTest" time="0"/>
  <testcase name="testCPlusGrade" classname="original.NumericalLetterGradeTest" time="0"/>
  <testcase name="testNumericalLetterGradeEmptyList" classname="original.NumericalLetterGradeTest" time="0"/>
  <testcase name="testNumericalLetterGradeWithFailingGPA_1" classname="original.NumericalLetterGradeTest" time="0"/>
  <testcase name="testNumericalLetterGrade_APlus_Duplicate1" classname="original.NumericalLetterGradeTest" time="0"/>
  <testcase name="testNumericalLetterGrade_D_plus" classname="original.NumericalLetterGradeTest" time="0"/>
  <testcase name="TestNumericalLetterGradeWithValidInputScoreBetween37And40" classname="original.NumericalLetterGradeTest" time="0"/>
</testsuite>