<?xml version="1.0" encoding="UTF-8"?>
<testsuite xmlns:xsi="http://www.w3.org/2001/XMLSchema-instance" xsi:noNamespaceSchemaLocation="https://maven.apache.org/surefire/maven-surefire-plugin/xsd/surefire-test-report-3.0.xsd" version="3.0" name="original.ValidDateTest" time="0.006" tests="65" errors="0" skipped="0" failures="0">
  <properties>
    <property name="awt.toolkit" value="sun.awt.X11.XToolkit"/>
    <property name="java.specification.version" value="11"/>
    <property name="sun.cpu.isalist" value=""/>
    <property name="sun.jnu.encoding" value="UTF-8"/>
    <property name="java.class.path" value="/home/qinghua/projects/matg/data/experiments/HumanEvalJava/candor/run_0/generate/target/test-classes:/home/qinghua/projects/matg/data/experiments/HumanEvalJava/candor/run_0/generate/target/classes:/home/qinghua/.m2/repository/org/junit/jupiter/junit-jupiter-engine/5.8.1/junit-jupiter-engine-5.8.1.jar:/home/qinghua/.m2/repository/org/junit/platform/junit-platform-engine/1.8.1/junit-platform-engine-1.8.1.jar:/home/qinghua/.m2/repository/org/opentest4j/opentest4j/1.2.0/opentest4j-1.2.0.jar:/home/qinghua/.m2/repository/org/junit/platform/junit-platform-commons/1.8.1/junit-platform-commons-1.8.1.jar:/home/qinghua/.m2/repository/org/junit/jupiter/junit-jupiter-api/5.8.1/junit-jupiter-api-5.8.1.jar:/home/qinghua/.m2/repository/org/apiguardian/apiguardian-api/1.1.2/apiguardian-api-1.1.2.jar:"/>
    <property name="java.vm.vendor" value="Ubuntu"/>
    <property name="sun.arch.data.model" value="64"/>
    <property name="java.vendor.url" value="https://ubuntu.com/"/>
    <property name="user.timezone" value=""/>
    <property name="java.vm.specification.version" value="11"/>
    <property name="os.name" value="Linux"/>
    <property name="sun.java.launcher" value="SUN_STANDARD"/>
    <property name="user.country" value="US"/>
    <property name="sun.boot.library.path" value="/usr/lib/jvm/java-11-openjdk-amd64/lib"/>
    <property name="sun.java.command" value="/home/qinghua/projects/matg/data/experiments/HumanEvalJava/candor/run_0/generate/target/surefire/surefirebooter-20250529181348110_3.jar /home/qinghua/projects/matg/data/experiments/HumanEvalJava/candor/run_0/generate/target/surefire 2025-05-29T18-13-48_052-jvmRun1 surefire-20250529181348110_1tmp surefire_0-20250529181348110_2tmp"/>
    <property name="jdk.debug" value="release"/>
    <property name="surefire.test.class.path" value="/home/qinghua/projects/matg/data/experiments/HumanEvalJava/candor/run_0/generate/target/test-classes:/home/qinghua/projects/matg/data/experiments/HumanEvalJava/candor/run_0/generate/target/classes:/home/qinghua/.m2/repository/org/junit/jupiter/junit-jupiter-engine/5.8.1/junit-jupiter-engine-5.8.1.jar:/home/qinghua/.m2/repository/org/junit/platform/junit-platform-engine/1.8.1/junit-platform-engine-1.8.1.jar:/home/qinghua/.m2/repository/org/opentest4j/opentest4j/1.2.0/opentest4j-1.2.0.jar:/home/qinghua/.m2/repository/org/junit/platform/junit-platform-commons/1.8.1/junit-platform-commons-1.8.1.jar:/home/qinghua/.m2/repository/org/junit/jupiter/junit-jupiter-api/5.8.1/junit-jupiter-api-5.8.1.jar:/home/qinghua/.m2/repository/org/apiguardian/apiguardian-api/1.1.2/apiguardian-api-1.1.2.jar:"/>
    <property name="sun.cpu.endian" value="little"/>
    <property name="user.home" value="/home/qinghua"/>
    <property name="user.language" value="en"/>
    <property name="java.specification.vendor" value="Oracle Corporation"/>
    <property name="java.version.date" value="2025-01-21"/>
    <property name="java.home" value="/usr/lib/jvm/java-11-openjdk-amd64"/>
    <property name="file.separator" value="/"/>
    <property name="basedir" value="/home/qinghua/projects/matg/data/experiments/HumanEvalJava/candor/run_0/generate"/>
    <property name="java.vm.compressedOopsMode" value="Zero based"/>
    <property name="line.separator" value="&#10;"/>
    <property name="java.specification.name" value="Java Platform API Specification"/>
    <property name="java.vm.specification.vendor" value="Oracle Corporation"/>
    <property name="java.awt.graphicsenv" value="sun.awt.X11GraphicsEnvironment"/>
    <property name="surefire.real.class.path" value="/home/qinghua/projects/matg/data/experiments/HumanEvalJava/candor/run_0/generate/target/surefire/surefirebooter-20250529181348110_3.jar"/>
    <property name="sun.management.compiler" value="HotSpot 64-Bit Tiered Compilers"/>
    <property name="java.runtime.version" value="11.0.26+4-post-Ubuntu-1ubuntu124.04"/>
    <property name="user.name" value="qinghua"/>
    <property name="path.separator" value=":"/>
    <property name="os.version" value="6.11.0-21-generic"/>
    <property name="java.runtime.name" value="OpenJDK Runtime Environment"/>
    <property name="file.encoding" value="UTF-8"/>
    <property name="java.vm.name" value="OpenJDK 64-Bit Server VM"/>
    <property name="localRepository" value="/home/qinghua/.m2/repository"/>
    <property name="java.vendor.url.bug" value="https://bugs.launchpad.net/ubuntu/+source/openjdk-lts"/>
    <property name="java.io.tmpdir" value="/tmp"/>
    <property name="java.version" value="11.0.26"/>
    <property name="user.dir" value="/home/qinghua/projects/matg/data/experiments/HumanEvalJava/candor/run_0/generate"/>
    <property name="os.arch" value="amd64"/>
    <property name="java.vm.specification.name" value="Java Virtual Machine Specification"/>
    <property name="java.awt.printerjob" value="sun.print.PSPrinterJob"/>
    <property name="sun.os.patch.level" value="unknown"/>
    <property name="java.library.path" value="/usr/local/cuda-12.6/lib64::/usr/java/packages/lib:/usr/lib/x86_64-linux-gnu/jni:/lib/x86_64-linux-gnu:/usr/lib/x86_64-linux-gnu:/usr/lib/jni:/lib:/usr/lib"/>
    <property name="java.vm.info" value="mixed mode, sharing"/>
    <property name="java.vendor" value="Ubuntu"/>
    <property name="java.vm.version" value="11.0.26+4-post-Ubuntu-1ubuntu124.04"/>
    <property name="java.specification.maintenance.version" value="3"/>
    <property name="sun.io.unicode.encoding" value="UnicodeLittle"/>
    <property name="java.class.version" value="55.0"/>
  </properties>
  <testcase name="TestInvalidMonthLessThanOne" classname="original.ValidDateTest" time="0"/>
  <testcase name="testValidDateFebruary29" classname="original.ValidDateTest" time="0"/>
  <testcase name="testInvalidDayForLongMonths" classname="original.ValidDateTest" time="0"/>
  <testcase name="testEdgeCaseDateWithDayAs1" classname="original.ValidDateTest" time="0"/>
  <testcase name="testInvalidDate_EmptyString" classname="original.ValidDateTest" time="0"/>
  <testcase name="testInvalidDayForFebruaryAlternate" classname="original.ValidDateTest" time="0"/>
  <testcase name="testInvalidDateWithMonthGreaterThan12" classname="original.ValidDateTest" time="0"/>
  <testcase name="ValidDate_HappyPath_02" classname="original.ValidDateTest" time="0"/>
  <testcase name="ValidDate_HappyPath_03" classname="original.ValidDateTest" time="0"/>
  <testcase name="testValidDate_HappyPath" classname="original.ValidDateTest" time="0"/>
  <testcase name="testInvalidDayForOtherMonths" classname="original.ValidDateTest" time="0"/>
  <testcase name="testInvalidDate_February29th" classname="original.ValidDateTest" time="0"/>
  <testcase name="testInvalidDate_February30th" classname="original.ValidDateTest" time="0"/>
  <testcase name="ValidDate_CorrectFormat_01" classname="original.ValidDateTest" time="0"/>
  <testcase name="TestMonthsOtherThanFebruaryAprilJuneSeptemberNovemberWith32Days" classname="original.ValidDateTest" time="0"/>
  <testcase name="testEmptyDate" classname="original.ValidDateTest" time="0"/>
  <testcase name="ValidDate_SadPath_01" classname="original.ValidDateTest" time="0"/>
  <testcase name="testInvalidDateWithDayGreaterThan31" classname="original.ValidDateTest" time="0"/>
  <testcase name="testValidDate" classname="original.ValidDateTest" time="0"/>
  <testcase name="testValidDateWithLeapYear" classname="original.ValidDateTest" time="0"/>
  <testcase name="testInvalidDateFormat" classname="original.ValidDateTest" time="0"/>
  <testcase name="testValidDateWithFebruaryHaving29Days" classname="original.ValidDateTest" time="0"/>
  <testcase name="testInvalidMonthDuplicate1" classname="original.ValidDateTest" time="0"/>
  <testcase name="TestValidDate_Separator_01" classname="original.ValidDateTest" time="0"/>
  <testcase name="TestAprilWith31Days" classname="original.ValidDateTest" time="0"/>
  <testcase name="testInvalidDateWithSadPathScenario" classname="original.ValidDateTest" time="0"/>
  <testcase name="ValidDate_IncorrectFormat_01" classname="original.ValidDateTest" time="0"/>
  <testcase name="testInvalidFormat" classname="original.ValidDateTest" time="0"/>
  <testcase name="testInvalidDate_MonthOutOfRange" classname="original.ValidDateTest" time="0"/>
  <testcase name="testEdgeCaseDateWithMonthAs12" classname="original.ValidDateTest" time="0"/>
  <testcase name="testInvalidMonth2" classname="original.ValidDateTest" time="0"/>
  <testcase name="testValidDateJanuary" classname="original.ValidDateTest" time="0"/>
  <testcase name="testValidDateWithMonthsHaving31Days" classname="original.ValidDateTest" time="0"/>
  <testcase name="TestValidDate_02" classname="original.ValidDateTest" time="0"/>
  <testcase name="TestValidDate_03" classname="original.ValidDateTest" time="0"/>
  <testcase name="TestValidDate_04" classname="original.ValidDateTest" time="0"/>
  <testcase name="testValidDateWithYearInThePastCorrected" classname="original.ValidDateTest" time="0"/>
  <testcase name="testValidDateWithMonthLessThanOrEqualTo12AndYearGreaterThan2000" classname="original.ValidDateTest" time="0"/>
  <testcase name="testInvalidDate_InvalidFormat" classname="original.ValidDateTest" time="0"/>
  <testcase name="testInvalidDayForFebruary" classname="original.ValidDateTest" time="0"/>
  <testcase name="testInValidDateApril" classname="original.ValidDateTest" time="0"/>
  <testcase name="testInvalidDateWithAprilHavingMoreThan30Days" classname="original.ValidDateTest" time="0"/>
  <testcase name="testValidDateWithDashSeparator" classname="original.ValidDateTest" time="0"/>
  <testcase name="testInvalidDateFormatWithoutSeparator" classname="original.ValidDateTest" time="0"/>
  <testcase name="testValidYearInRange" classname="original.ValidDateTest" time="0"/>
  <testcase name="testInvalidDayForApril" classname="original.ValidDateTest" time="0"/>
  <testcase name="testInvalidMonth" classname="original.ValidDateTest" time="0"/>
  <testcase name="testInvalidDateWithYearInTheFuture" classname="original.ValidDateTest" time="0"/>
  <testcase name="testEmptyDateString" classname="original.ValidDateTest" time="0"/>
  <testcase name="testInvalidDayForShortMonths" classname="original.ValidDateTest" time="0"/>
  <testcase name="TestInvalidDayGreaterThanThirtyOne" classname="original.ValidDateTest" time="0"/>
  <testcase name="ValidDateTest2" classname="original.ValidDateTest" time="0"/>
  <testcase name="ValidDateTest3" classname="original.ValidDateTest" time="0"/>
  <testcase name="ValidDateTest4" classname="original.ValidDateTest" time="0"/>
  <testcase name="ValidDateTest5" classname="original.ValidDateTest" time="0"/>
  <testcase name="ValidDateTest6" classname="original.ValidDateTest" time="0"/>
  <testcase name="ValidDateTest7" classname="original.ValidDateTest" time="0"/>
  <testcase name="ValidDateTest8" classname="original.ValidDateTest" time="0"/>
  <testcase name="testValidDateFormat" classname="original.ValidDateTest" time="0"/>
  <testcase name="testNothing" classname="original.ValidDateTest" time="0"/>
  <testcase name="testInvalidDayForSomeMonths" classname="original.ValidDateTest" time="0"/>
  <testcase name="TestFebruaryWith29Days" classname="original.ValidDateTest" time="0"/>
  <testcase name="testValidDateFebruary" classname="original.ValidDateTest" time="0"/>
  <testcase name="testInvalidFebruaryDay2" classname="original.ValidDateTest" time="0"/>
  <testcase name="testInvalidDate_DayOutOfRangeForMonth" classname="original.ValidDateTest" time="0"/>
</testsuite>