<?xml version="1.0" encoding="UTF-8"?>
<testsuite xmlns:xsi="http://www.w3.org/2001/XMLSchema-instance" xsi:noNamespaceSchemaLocation="https://maven.apache.org/surefire/maven-surefire-plugin/xsd/surefire-test-report-3.0.xsd" version="3.0" name="original.AnyIntTest" time="0.007" tests="57" errors="0" skipped="0" failures="0">
  <properties>
    <property name="awt.toolkit" value="sun.awt.X11.XToolkit"/>
    <property name="java.specification.version" value="11"/>
    <property name="sun.cpu.isalist" value=""/>
    <property name="sun.jnu.encoding" value="UTF-8"/>
    <property name="java.class.path" value="/home/qinghua/projects/matg/data/HumanEvalJava/matg_branch/target/test-classes:/home/qinghua/projects/matg/data/HumanEvalJava/matg_branch/target/classes:/home/qinghua/.m2/repository/org/junit/jupiter/junit-jupiter-engine/5.8.1/junit-jupiter-engine-5.8.1.jar:/home/qinghua/.m2/repository/org/junit/platform/junit-platform-engine/1.8.1/junit-platform-engine-1.8.1.jar:/home/qinghua/.m2/repository/org/opentest4j/opentest4j/1.2.0/opentest4j-1.2.0.jar:/home/qinghua/.m2/repository/org/junit/platform/junit-platform-commons/1.8.1/junit-platform-commons-1.8.1.jar:/home/qinghua/.m2/repository/org/junit/jupiter/junit-jupiter-api/5.8.1/junit-jupiter-api-5.8.1.jar:/home/qinghua/.m2/repository/org/apiguardian/apiguardian-api/1.1.2/apiguardian-api-1.1.2.jar:"/>
    <property name="java.vm.vendor" value="Ubuntu"/>
    <property name="sun.arch.data.model" value="64"/>
    <property name="java.vendor.url" value="https://ubuntu.com/"/>
    <property name="user.timezone" value=""/>
    <property name="java.vm.specification.version" value="11"/>
    <property name="os.name" value="Linux"/>
    <property name="sun.java.launcher" value="SUN_STANDARD"/>
    <property name="user.country" value="US"/>
    <property name="sun.boot.library.path" value="/usr/lib/jvm/java-11-openjdk-amd64/lib"/>
    <property name="sun.java.command" value="/home/qinghua/projects/matg/data/HumanEvalJava/matg_branch/target/surefire/surefirebooter-20250528154242447_3.jar /home/qinghua/projects/matg/data/HumanEvalJava/matg_branch/target/surefire 2025-05-28T15-42-42_387-jvmRun1 surefire-20250528154242447_1tmp surefire_0-20250528154242447_2tmp"/>
    <property name="jdk.debug" value="release"/>
    <property name="surefire.test.class.path" value="/home/qinghua/projects/matg/data/HumanEvalJava/matg_branch/target/test-classes:/home/qinghua/projects/matg/data/HumanEvalJava/matg_branch/target/classes:/home/qinghua/.m2/repository/org/junit/jupiter/junit-jupiter-engine/5.8.1/junit-jupiter-engine-5.8.1.jar:/home/qinghua/.m2/repository/org/junit/platform/junit-platform-engine/1.8.1/junit-platform-engine-1.8.1.jar:/home/qinghua/.m2/repository/org/opentest4j/opentest4j/1.2.0/opentest4j-1.2.0.jar:/home/qinghua/.m2/repository/org/junit/platform/junit-platform-commons/1.8.1/junit-platform-commons-1.8.1.jar:/home/qinghua/.m2/repository/org/junit/jupiter/junit-jupiter-api/5.8.1/junit-jupiter-api-5.8.1.jar:/home/qinghua/.m2/repository/org/apiguardian/apiguardian-api/1.1.2/apiguardian-api-1.1.2.jar:"/>
    <property name="sun.cpu.endian" value="little"/>
    <property name="user.home" value="/home/qinghua"/>
    <property name="user.language" value="en"/>
    <property name="java.specification.vendor" value="Oracle Corporation"/>
    <property name="java.version.date" value="2025-01-21"/>
    <property name="java.home" value="/usr/lib/jvm/java-11-openjdk-amd64"/>
    <property name="file.separator" value="/"/>
    <property name="basedir" value="/home/qinghua/projects/matg/data/HumanEvalJava/matg_branch"/>
    <property name="java.vm.compressedOopsMode" value="Zero based"/>
    <property name="line.separator" value="&#10;"/>
    <property name="java.specification.name" value="Java Platform API Specification"/>
    <property name="java.vm.specification.vendor" value="Oracle Corporation"/>
    <property name="java.awt.graphicsenv" value="sun.awt.X11GraphicsEnvironment"/>
    <property name="surefire.real.class.path" value="/home/qinghua/projects/matg/data/HumanEvalJava/matg_branch/target/surefire/surefirebooter-20250528154242447_3.jar"/>
    <property name="sun.management.compiler" value="HotSpot 64-Bit Tiered Compilers"/>
    <property name="java.runtime.version" value="11.0.26+4-post-Ubuntu-1ubuntu124.04"/>
    <property name="user.name" value="qinghua"/>
    <property name="path.separator" value=":"/>
    <property name="os.version" value="6.11.0-21-generic"/>
    <property name="java.runtime.name" value="OpenJDK Runtime Environment"/>
    <property name="file.encoding" value="UTF-8"/>
    <property name="java.vm.name" value="OpenJDK 64-Bit Server VM"/>
    <property name="localRepository" value="/home/qinghua/.m2/repository"/>
    <property name="java.vendor.url.bug" value="https://bugs.launchpad.net/ubuntu/+source/openjdk-lts"/>
    <property name="java.io.tmpdir" value="/tmp"/>
    <property name="java.version" value="11.0.26"/>
    <property name="user.dir" value="/home/qinghua/projects/matg/data/HumanEvalJava/matg_branch"/>
    <property name="os.arch" value="amd64"/>
    <property name="java.vm.specification.name" value="Java Virtual Machine Specification"/>
    <property name="java.awt.printerjob" value="sun.print.PSPrinterJob"/>
    <property name="sun.os.patch.level" value="unknown"/>
    <property name="java.library.path" value="/usr/local/cuda-12.6/lib64::/usr/java/packages/lib:/usr/lib/x86_64-linux-gnu/jni:/lib/x86_64-linux-gnu:/usr/lib/x86_64-linux-gnu:/usr/lib/jni:/lib:/usr/lib"/>
    <property name="java.vm.info" value="mixed mode, sharing"/>
    <property name="java.vendor" value="Ubuntu"/>
    <property name="java.vm.version" value="11.0.26+4-post-Ubuntu-1ubuntu124.04"/>
    <property name="java.specification.maintenance.version" value="3"/>
    <property name="sun.io.unicode.encoding" value="UnicodeLittle"/>
    <property name="java.class.version" value="55.0"/>
  </properties>
  <testcase name="testAnyInt_EdgeCase_True_NegativeNumbers" classname="original.AnyIntTest" time="0"/>
  <testcase name="test_SumOfTwoNumbersEqualsThirdNumber" classname="original.AnyIntTest" time="0"/>
  <testcase name="testAnyInt_withDecimalNumbers" classname="original.AnyIntTest" time="0"/>
  <testcase name="test_all_integers_one_sum_condition_met" classname="original.AnyIntTest" time="0"/>
  <testcase name="TestAnyInt_Positive_IntegerInputs_SumOfTwoNotEqualsThird" classname="original.AnyIntTest" time="0"/>
  <testcase name="testNonIntegerInputs" classname="original.AnyIntTest" time="0"/>
  <testcase name="testAnyInt_withNullInput" classname="original.AnyIntTest" time="0"/>
  <testcase name="testAnyInt_HappyPath_NegativeNumbers" classname="original.AnyIntTest" time="0"/>
  <testcase name="testAnyInt_WithZeroAsInput" classname="original.AnyIntTest" time="0"/>
  <testcase name="testAnyInt_Negative_NonIntegerInputs" classname="original.AnyIntTest" time="0"/>
  <testcase name="testNonSumEquality" classname="original.AnyIntTest" time="0"/>
  <testcase name="testAnyInt_withNegativeIntegers" classname="original.AnyIntTest" time="0"/>
  <testcase name="testAnyInt_withSameNumbers" classname="original.AnyIntTest" time="0"/>
  <testcase name="TestAnyInt_NonIntegerInputs" classname="original.AnyIntTest" time="0"/>
  <testcase name="testAnyInt_WithNegativeIntegers" classname="original.AnyIntTest" time="0"/>
  <testcase name="testNonIntegerInput" classname="original.AnyIntTest" time="0"/>
  <testcase name="testNegativeIntegersFixed" classname="original.AnyIntTest" time="0"/>
  <testcase name="testAnyInt_WithOneIntegerValueAndTwoNonIntegerValues" classname="original.AnyIntTest" time="0"/>
  <testcase name="test_all_integers_no_sum_condition_met" classname="original.AnyIntTest" time="0.001"/>
  <testcase name="testAnyInt_Positive_DifferentNumbers" classname="original.AnyIntTest" time="0"/>
  <testcase name="testAnyInt_Negative_NonIntegerInputs_Fixed" classname="original.AnyIntTest" time="0"/>
  <testcase name="test_SameNumberRepeated" classname="original.AnyIntTest" time="0"/>
  <testcase name="TestAnyInt_NegativeAndPositive_IntegerInputs_SumOfTwoEqualsThird" classname="original.AnyIntTest" time="0"/>
  <testcase name="testZeroIntegers" classname="original.AnyIntTest" time="0"/>
  <testcase name="test_NegativeNumbers" classname="original.AnyIntTest" time="0"/>
  <testcase name="test_non_integer_inputs_one_sum_condition_met" classname="original.AnyIntTest" time="0"/>
  <testcase name="testAnyInt_Positive_True" classname="original.AnyIntTest" time="0"/>
  <testcase name="testMixedSignIntegersFixed2" classname="original.AnyIntTest" time="0"/>
  <testcase name="test_edge_case_negative_values" classname="original.AnyIntTest" time="0.001"/>
  <testcase name="testAnyInt_Edge_ZeroInputs" classname="original.AnyIntTest" time="0"/>
  <testcase name="testAnyInt_Negative_False_NotIntegers" classname="original.AnyIntTest" time="0"/>
  <testcase name="TestAnyInt_Large_IntegerInputs_SumOfTwoEqualsThird" classname="original.AnyIntTest" time="0"/>
  <testcase name="testAnyInt_EdgeCase_ZeroInputs" classname="original.AnyIntTest" time="0"/>
  <testcase name="testAnyInt_HappyPath_Zero" classname="original.AnyIntTest" time="0"/>
  <testcase name="testIntegerSumEquality" classname="original.AnyIntTest" time="0"/>
  <testcase name="testAnyInt_Positive_EqualToSum" classname="original.AnyIntTest" time="0"/>
  <testcase name="testAnyInt_withAllNegativeIntegers" classname="original.AnyIntTest" time="0"/>
  <testcase name="testNegativeIntegers" classname="original.AnyIntTest" time="0"/>
  <testcase name="testAnyInt_SpecificFunctionality_False_2" classname="original.AnyIntTest" time="0"/>
  <testcase name="testAnyInt_WithAllIntegerValuesButNoSumMatch" classname="original.AnyIntTest" time="0.001"/>
  <testcase name="testDuplicateIntegers" classname="original.AnyIntTest" time="0"/>
  <testcase name="testAnyInt_WithNonIntegerValues" classname="original.AnyIntTest" time="0"/>
  <testcase name="testEdgeCaseZero" classname="original.AnyIntTest" time="0"/>
  <testcase name="TestAnyInt_Positive_IntegerInputs_SumOfTwoEqualsThird" classname="original.AnyIntTest" time="0"/>
  <testcase name="test_NonIntegerInput" classname="original.AnyIntTest" time="0"/>
  <testcase name="testAnyInt_SpecificFunctionality_NegativeNumbers" classname="original.AnyIntTest" time="0"/>
  <testcase name="testAnyInt_Positive_SumOfOtherTwo" classname="original.AnyIntTest" time="0"/>
  <testcase name="test_non_integer_inputs_no_sum_condition_met" classname="original.AnyIntTest" time="0"/>
  <testcase name="testAnyInt_UnhappyPath_NonIntegerArguments" classname="original.AnyIntTest" time="0"/>
  <testcase name="test_edge_case_zero_values_2" classname="original.AnyIntTest" time="0"/>
  <testcase name="testNothing" classname="original.AnyIntTest" time="0"/>
  <testcase name="anyInt_Should_Return_True_When_One_Number_Is_Sum_Of_Other_Two" classname="original.AnyIntTest" time="0"/>
  <testcase name="test_ZeroInput" classname="original.AnyIntTest" time="0"/>
  <testcase name="testAnyInt_Negative_AllNonIntegerInputs" classname="original.AnyIntTest" time="0"/>
  <testcase name="testAnyInt_withZero" classname="original.AnyIntTest" time="0"/>
  <testcase name="testEdgeCaseLargeNumbersFixed1" classname="original.AnyIntTest" time="0"/>
  <testcase name="testPositiveIntegers" classname="original.AnyIntTest" time="0"/>
</testsuite>