<?xml version="1.0" encoding="UTF-8"?>
<testsuite xmlns:xsi="http://www.w3.org/2001/XMLSchema-instance" xsi:noNamespaceSchemaLocation="https://maven.apache.org/surefire/maven-surefire-plugin/xsd/surefire-test-report-3.0.xsd" version="3.0" name="original.AddTest" time="0.034" tests="104" errors="0" skipped="0" failures="0">
  <properties>
    <property name="awt.toolkit" value="sun.awt.X11.XToolkit"/>
    <property name="java.specification.version" value="11"/>
    <property name="sun.cpu.isalist" value=""/>
    <property name="sun.jnu.encoding" value="UTF-8"/>
    <property name="java.class.path" value="/home/qinghua/projects/matg/data/experiments/HumanEvalJava/empirical/best/target/test-classes:/home/qinghua/projects/matg/data/experiments/HumanEvalJava/empirical/best/target/classes:/home/qinghua/.m2/repository/org/junit/jupiter/junit-jupiter-engine/5.8.1/junit-jupiter-engine-5.8.1.jar:/home/qinghua/.m2/repository/org/junit/platform/junit-platform-engine/1.8.1/junit-platform-engine-1.8.1.jar:/home/qinghua/.m2/repository/org/opentest4j/opentest4j/1.2.0/opentest4j-1.2.0.jar:/home/qinghua/.m2/repository/org/junit/platform/junit-platform-commons/1.8.1/junit-platform-commons-1.8.1.jar:/home/qinghua/.m2/repository/org/junit/jupiter/junit-jupiter-api/5.8.1/junit-jupiter-api-5.8.1.jar:/home/qinghua/.m2/repository/org/apiguardian/apiguardian-api/1.1.2/apiguardian-api-1.1.2.jar:/home/qinghua/.m2/repository/org/jacoco/org.jacoco.agent/0.8.8/org.jacoco.agent-0.8.8-runtime.jar:/home/qinghua/.m2/repository/org/evosuite/evosuite-standalone-runtime/1.2.0/evosuite-standalone-runtime-1.2.0.jar:/home/qinghua/.m2/repository/junit/junit/4.12/junit-4.12.jar:/home/qinghua/.m2/repository/org/hamcrest/hamcrest-core/1.3/hamcrest-core-1.3.jar:"/>
    <property name="java.vm.vendor" value="Ubuntu"/>
    <property name="sun.arch.data.model" value="64"/>
    <property name="java.vendor.url" value="https://ubuntu.com/"/>
    <property name="user.timezone" value=""/>
    <property name="java.vm.specification.version" value="11"/>
    <property name="os.name" value="Linux"/>
    <property name="sun.java.launcher" value="SUN_STANDARD"/>
    <property name="user.country" value="US"/>
    <property name="sun.boot.library.path" value="/usr/lib/jvm/java-11-openjdk-amd64/lib"/>
    <property name="sun.java.command" value="/home/qinghua/projects/matg/data/experiments/HumanEvalJava/empirical/best/target/surefire/surefirebooter-20250529010449622_3.jar /home/qinghua/projects/matg/data/experiments/HumanEvalJava/empirical/best/target/surefire 2025-05-29T01-04-49_561-jvmRun1 surefire-20250529010449622_1tmp surefire_0-20250529010449622_2tmp"/>
    <property name="jdk.debug" value="release"/>
    <property name="surefire.test.class.path" value="/home/qinghua/projects/matg/data/experiments/HumanEvalJava/empirical/best/target/test-classes:/home/qinghua/projects/matg/data/experiments/HumanEvalJava/empirical/best/target/classes:/home/qinghua/.m2/repository/org/junit/jupiter/junit-jupiter-engine/5.8.1/junit-jupiter-engine-5.8.1.jar:/home/qinghua/.m2/repository/org/junit/platform/junit-platform-engine/1.8.1/junit-platform-engine-1.8.1.jar:/home/qinghua/.m2/repository/org/opentest4j/opentest4j/1.2.0/opentest4j-1.2.0.jar:/home/qinghua/.m2/repository/org/junit/platform/junit-platform-commons/1.8.1/junit-platform-commons-1.8.1.jar:/home/qinghua/.m2/repository/org/junit/jupiter/junit-jupiter-api/5.8.1/junit-jupiter-api-5.8.1.jar:/home/qinghua/.m2/repository/org/apiguardian/apiguardian-api/1.1.2/apiguardian-api-1.1.2.jar:/home/qinghua/.m2/repository/org/jacoco/org.jacoco.agent/0.8.8/org.jacoco.agent-0.8.8-runtime.jar:/home/qinghua/.m2/repository/org/evosuite/evosuite-standalone-runtime/1.2.0/evosuite-standalone-runtime-1.2.0.jar:/home/qinghua/.m2/repository/junit/junit/4.12/junit-4.12.jar:/home/qinghua/.m2/repository/org/hamcrest/hamcrest-core/1.3/hamcrest-core-1.3.jar:"/>
    <property name="sun.cpu.endian" value="little"/>
    <property name="user.home" value="/home/qinghua"/>
    <property name="user.language" value="en"/>
    <property name="java.specification.vendor" value="Oracle Corporation"/>
    <property name="java.version.date" value="2025-01-21"/>
    <property name="java.home" value="/usr/lib/jvm/java-11-openjdk-amd64"/>
    <property name="file.separator" value="/"/>
    <property name="basedir" value="/home/qinghua/projects/matg/data/experiments/HumanEvalJava/empirical/best"/>
    <property name="java.vm.compressedOopsMode" value="Zero based"/>
    <property name="line.separator" value="&#10;"/>
    <property name="java.specification.name" value="Java Platform API Specification"/>
    <property name="java.vm.specification.vendor" value="Oracle Corporation"/>
    <property name="java.awt.graphicsenv" value="sun.awt.X11GraphicsEnvironment"/>
    <property name="surefire.real.class.path" value="/home/qinghua/projects/matg/data/experiments/HumanEvalJava/empirical/best/target/surefire/surefirebooter-20250529010449622_3.jar"/>
    <property name="sun.management.compiler" value="HotSpot 64-Bit Tiered Compilers"/>
    <property name="java.runtime.version" value="11.0.26+4-post-Ubuntu-1ubuntu124.04"/>
    <property name="user.name" value="qinghua"/>
    <property name="path.separator" value=":"/>
    <property name="os.version" value="6.11.0-21-generic"/>
    <property name="java.runtime.name" value="OpenJDK Runtime Environment"/>
    <property name="file.encoding" value="UTF-8"/>
    <property name="java.vm.name" value="OpenJDK 64-Bit Server VM"/>
    <property name="localRepository" value="/home/qinghua/.m2/repository"/>
    <property name="java.vendor.url.bug" value="https://bugs.launchpad.net/ubuntu/+source/openjdk-lts"/>
    <property name="java.io.tmpdir" value="/tmp"/>
    <property name="java.version" value="11.0.26"/>
    <property name="user.dir" value="/home/qinghua/projects/matg/data/experiments/HumanEvalJava/empirical/best"/>
    <property name="os.arch" value="amd64"/>
    <property name="java.vm.specification.name" value="Java Virtual Machine Specification"/>
    <property name="java.awt.printerjob" value="sun.print.PSPrinterJob"/>
    <property name="sun.os.patch.level" value="unknown"/>
    <property name="java.library.path" value="/usr/local/cuda-12.6/lib64::/usr/java/packages/lib:/usr/lib/x86_64-linux-gnu/jni:/lib/x86_64-linux-gnu:/usr/lib/x86_64-linux-gnu:/usr/lib/jni:/lib:/usr/lib"/>
    <property name="java.vm.info" value="mixed mode, sharing"/>
    <property name="java.vendor" value="Ubuntu"/>
    <property name="java.vm.version" value="11.0.26+4-post-Ubuntu-1ubuntu124.04"/>
    <property name="java.specification.maintenance.version" value="3"/>
    <property name="sun.io.unicode.encoding" value="UnicodeLittle"/>
    <property name="java.class.version" value="55.0"/>
  </properties>
  <testcase name="test100" classname="original.AddTest" time="0.001"/>
  <testcase name="test101" classname="original.AddTest" time="0"/>
  <testcase name="test102" classname="original.AddTest" time="0.001"/>
  <testcase name="test103" classname="original.AddTest" time="0"/>
  <testcase name="test104" classname="original.AddTest" time="0.001"/>
  <testcase name="test10" classname="original.AddTest" time="0"/>
  <testcase name="test11" classname="original.AddTest" time="0"/>
  <testcase name="test12" classname="original.AddTest" time="0.001"/>
  <testcase name="test13" classname="original.AddTest" time="0"/>
  <testcase name="test14" classname="original.AddTest" time="0"/>
  <testcase name="test15" classname="original.AddTest" time="0.001"/>
  <testcase name="test16" classname="original.AddTest" time="0"/>
  <testcase name="test17" classname="original.AddTest" time="0"/>
  <testcase name="test18" classname="original.AddTest" time="0.001"/>
  <testcase name="test19" classname="original.AddTest" time="0"/>
  <testcase name="test20" classname="original.AddTest" time="0.001"/>
  <testcase name="test21" classname="original.AddTest" time="0"/>
  <testcase name="test22" classname="original.AddTest" time="0"/>
  <testcase name="test23" classname="original.AddTest" time="0"/>
  <testcase name="test24" classname="original.AddTest" time="0"/>
  <testcase name="test25" classname="original.AddTest" time="0"/>
  <testcase name="test26" classname="original.AddTest" time="0"/>
  <testcase name="test27" classname="original.AddTest" time="0"/>
  <testcase name="test28" classname="original.AddTest" time="0"/>
  <testcase name="test29" classname="original.AddTest" time="0.001"/>
  <testcase name="test30" classname="original.AddTest" time="0"/>
  <testcase name="test31" classname="original.AddTest" time="0"/>
  <testcase name="test32" classname="original.AddTest" time="0.001"/>
  <testcase name="test33" classname="original.AddTest" time="0"/>
  <testcase name="test34" classname="original.AddTest" time="0"/>
  <testcase name="test35" classname="original.AddTest" time="0.001"/>
  <testcase name="test36" classname="original.AddTest" time="0"/>
  <testcase name="test37" classname="original.AddTest" time="0"/>
  <testcase name="test38" classname="original.AddTest" time="0"/>
  <testcase name="test39" classname="original.AddTest" time="0"/>
  <testcase name="test40" classname="original.AddTest" time="0"/>
  <testcase name="test41" classname="original.AddTest" time="0.001"/>
  <testcase name="test42" classname="original.AddTest" time="0"/>
  <testcase name="test43" classname="original.AddTest" time="0"/>
  <testcase name="test44" classname="original.AddTest" time="0.001"/>
  <testcase name="test45" classname="original.AddTest" time="0"/>
  <testcase name="test46" classname="original.AddTest" time="0"/>
  <testcase name="test47" classname="original.AddTest" time="0.001"/>
  <testcase name="test48" classname="original.AddTest" time="0"/>
  <testcase name="test49" classname="original.AddTest" time="0"/>
  <testcase name="test50" classname="original.AddTest" time="0"/>
  <testcase name="test51" classname="original.AddTest" time="0"/>
  <testcase name="test52" classname="original.AddTest" time="0"/>
  <testcase name="test53" classname="original.AddTest" time="0"/>
  <testcase name="test54" classname="original.AddTest" time="0"/>
  <testcase name="test55" classname="original.AddTest" time="0.001"/>
  <testcase name="test56" classname="original.AddTest" time="0"/>
  <testcase name="test57" classname="original.AddTest" time="0"/>
  <testcase name="test58" classname="original.AddTest" time="0"/>
  <testcase name="test59" classname="original.AddTest" time="0"/>
  <testcase name="test60" classname="original.AddTest" time="0"/>
  <testcase name="test61" classname="original.AddTest" time="0.001"/>
  <testcase name="test62" classname="original.AddTest" time="0"/>
  <testcase name="test63" classname="original.AddTest" time="0"/>
  <testcase name="test64" classname="original.AddTest" time="0"/>
  <testcase name="test65" classname="original.AddTest" time="0"/>
  <testcase name="test66" classname="original.AddTest" time="0"/>
  <testcase name="test67" classname="original.AddTest" time="0"/>
  <testcase name="test68" classname="original.AddTest" time="0"/>
  <testcase name="test69" classname="original.AddTest" time="0"/>
  <testcase name="test70" classname="original.AddTest" time="0"/>
  <testcase name="test71" classname="original.AddTest" time="0"/>
  <testcase name="test72" classname="original.AddTest" time="0"/>
  <testcase name="test73" classname="original.AddTest" time="0"/>
  <testcase name="test74" classname="original.AddTest" time="0"/>
  <testcase name="test75" classname="original.AddTest" time="0"/>
  <testcase name="test76" classname="original.AddTest" time="0"/>
  <testcase name="test77" classname="original.AddTest" time="0"/>
  <testcase name="test78" classname="original.AddTest" time="0"/>
  <testcase name="test79" classname="original.AddTest" time="0"/>
  <testcase name="test80" classname="original.AddTest" time="0"/>
  <testcase name="test81" classname="original.AddTest" time="0"/>
  <testcase name="test82" classname="original.AddTest" time="0"/>
  <testcase name="test83" classname="original.AddTest" time="0"/>
  <testcase name="test84" classname="original.AddTest" time="0"/>
  <testcase name="test85" classname="original.AddTest" time="0"/>
  <testcase name="test86" classname="original.AddTest" time="0"/>
  <testcase name="test87" classname="original.AddTest" time="0"/>
  <testcase name="test88" classname="original.AddTest" time="0"/>
  <testcase name="test89" classname="original.AddTest" time="0"/>
  <testcase name="test90" classname="original.AddTest" time="0"/>
  <testcase name="test91" classname="original.AddTest" time="0"/>
  <testcase name="test92" classname="original.AddTest" time="0"/>
  <testcase name="test93" classname="original.AddTest" time="0"/>
  <testcase name="test94" classname="original.AddTest" time="0"/>
  <testcase name="test95" classname="original.AddTest" time="0"/>
  <testcase name="test96" classname="original.AddTest" time="0"/>
  <testcase name="test97" classname="original.AddTest" time="0"/>
  <testcase name="test98" classname="original.AddTest" time="0"/>
  <testcase name="test99" classname="original.AddTest" time="0"/>
  <testcase name="test1" classname="original.AddTest" time="0.001"/>
  <testcase name="test2" classname="original.AddTest" time="0"/>
  <testcase name="test3" classname="original.AddTest" time="0"/>
  <testcase name="test4" classname="original.AddTest" time="0"/>
  <testcase name="test5" classname="original.AddTest" time="0.001"/>
  <testcase name="test6" classname="original.AddTest" time="0"/>
  <testcase name="test7" classname="original.AddTest" time="0"/>
  <testcase name="test8" classname="original.AddTest" time="0"/>
  <testcase name="test9" classname="original.AddTest" time="0.001"/>
</testsuite>